#
# A fatal error has been detected by the Java Runtime Environment:
#
#  Internal Error (sharedRuntime.cpp:532), pid=80247, tid=6147
#  Error: ShouldNotReachHere()
#
# JRE version: OpenJDK Runtime Environment Zulu16.28+11-CA (16.0+36) (build 16+36)
# Java VM: OpenJDK 64-Bit Server VM Zulu16.28+11-CA (16+36, mixed mode, tiered, compressed oops, g1 gc, bsd-aarch64)
# No core dump will be written. Core dumps have been disabled. To enable core dumping, try "ulimit -c unlimited" before starting Java again
#
# If you would like to submit a bug report, please visit:
#   http://www.azulsystems.com/support/
#

---------------  S U M M A R Y ------------

Command Line: -Xmx64m -Xms64m -Dorg.gradle.appname=gradlew org.gradle.wrapper.GradleWrapperMain app:installDebug -PreactNativeDevServerPort=8081

Host: MacBookPro17,1 arm64 1 MHz, 8 cores, 16G, Darwin 20.5.0, macOS 11.4 (20F71)
Time: Tue Jul  6 13:33:02 2021 CEST elapsed time: 0.270608 seconds (0d 0h 0m 0s)

---------------  T H R E A D  ---------------

Current thread (0x000000011d008800):  JavaThread "main" [_thread_in_Java, id=6147, stack(0x000000016d250000,0x000000016d453000)]

Stack: [0x000000016d250000,0x000000016d453000],  sp=0x000000016d450860,  free space=2050k
Native frames: (J=compiled Java code, A=aot compiled Java code, j=interpreted, Vv=VM code, C=native code)
V  [libjvm.dylib+0x9abf04]  VMError::report_and_die(int, char const*, char const*, char*, Thread*, unsigned char*, void*, void*, char const*, int, unsigned long)+0x46c
V  [libjvm.dylib+0x9ac658]  VMError::report_and_die(Thread*, void*, char const*, int, char const*, char const*, char*)+0x40
V  [libjvm.dylib+0x2a9dd0]  report_vm_error(char const*, int, char const*, char const*, ...)+0x5c
V  [libjvm.dylib+0x2a9fa4]  report_should_not_reach_here(char const*, int)+0x2c
V  [libjvm.dylib+0x81388c]  SharedRuntime::raw_exception_handler_for_return_address(JavaThread*, unsigned char*)+0x178
V  [libjvm.dylib+0x813930]  SharedRuntime::exception_handler_for_return_address(JavaThread*, unsigned char*)+0x28
v  ~StubRoutines::forward exception
j  org.slf4j.MarkerFactory.<clinit>()V+0
v  ~StubRoutines::call_stub
V  [libjvm.dylib+0x43f718]  JavaCalls::call_helper(JavaValue*, methodHandle const&, JavaCallArguments*, Thread*)+0x30c
V  [libjvm.dylib+0x4210c0]  InstanceKlass::call_class_initializer(Thread*)+0x1e8
V  [libjvm.dylib+0x4207ec]  InstanceKlass::initialize_impl(Thread*)+0x57c
V  [libjvm.dylib+0x657ef4]  LinkResolver::resolve_static_call(CallInfo&, LinkInfo const&, bool, Thread*)+0x78
V  [libjvm.dylib+0x659ecc]  LinkResolver::resolve_invoke(CallInfo&, Handle, constantPoolHandle const&, int, Bytecodes::Code, Thread*)+0xac
V  [libjvm.dylib+0x438a34]  InterpreterRuntime::resolve_invoke(JavaThread*, Bytecodes::Code)+0x29c
V  [libjvm.dylib+0x439030]  InterpreterRuntime::resolve_from_cache(JavaThread*, Bytecodes::Code)+0x7c
j  org.gradle.api.logging.Logging.<clinit>()V+2
v  ~StubRoutines::call_stub
V  [libjvm.dylib+0x43f718]  JavaCalls::call_helper(JavaValue*, methodHandle const&, JavaCallArguments*, Thread*)+0x30c
V  [libjvm.dylib+0x4210c0]  InstanceKlass::call_class_initializer(Thread*)+0x1e8
V  [libjvm.dylib+0x4207ec]  InstanceKlass::initialize_impl(Thread*)+0x57c
V  [libjvm.dylib+0x657ef4]  LinkResolver::resolve_static_call(CallInfo&, LinkInfo const&, bool, Thread*)+0x78
V  [libjvm.dylib+0x659ecc]  LinkResolver::resolve_invoke(CallInfo&, Handle, constantPoolHandle const&, int, Bytecodes::Code, Thread*)+0xac
V  [libjvm.dylib+0x438a34]  InterpreterRuntime::resolve_invoke(JavaThread*, Bytecodes::Code)+0x29c
V  [libjvm.dylib+0x439030]  InterpreterRuntime::resolve_from_cache(JavaThread*, Bytecodes::Code)+0x7c
j  org.gradle.launcher.cli.DebugLoggerWarningAction.<init>(Lorg/gradle/api/logging/configuration/LoggingConfiguration;Lorg/gradle/api/Action;)V+3
j  org.gradle.launcher.cli.DefaultCommandLineActionFactory$WithLogging.execute(Lorg/gradle/launcher/bootstrap/ExecutionListener;)V+240
j  org.gradle.launcher.Main.doAction([Ljava/lang/String;Lorg/gradle/launcher/bootstrap/ExecutionListener;)V+14
j  org.gradle.launcher.bootstrap.EntryPoint.run([Ljava/lang/String;)V+12
v  ~StubRoutines::call_stub
V  [libjvm.dylib+0x43f718]  JavaCalls::call_helper(JavaValue*, methodHandle const&, JavaCallArguments*, Thread*)+0x30c
V  [libjvm.dylib+0x7f1128]  invoke(InstanceKlass*, methodHandle const&, Handle, bool, objArrayHandle, BasicType, objArrayHandle, bool, Thread*)+0x914
V  [libjvm.dylib+0x7f079c]  Reflection::invoke_method(oopDesc*, Handle, objArrayHandle, Thread*)+0x150
V  [libjvm.dylib+0x4f3b34]  JVM_InvokeMethod+0x358
j  jdk.internal.reflect.NativeMethodAccessorImpl.invoke0(Ljava/lang/reflect/Method;Ljava/lang/Object;[Ljava/lang/Object;)Ljava/lang/Object;+0 java.base@16
j  jdk.internal.reflect.NativeMethodAccessorImpl.invoke(Ljava/lang/Object;[Ljava/lang/Object;)Ljava/lang/Object;+146 java.base@16
j  jdk.internal.reflect.DelegatingMethodAccessorImpl.invoke(Ljava/lang/Object;[Ljava/lang/Object;)Ljava/lang/Object;+6 java.base@16
j  java.lang.reflect.Method.invoke(Ljava/lang/Object;[Ljava/lang/Object;)Ljava/lang/Object;+59 java.base@16
j  org.gradle.launcher.bootstrap.ProcessBootstrap.runNoExit(Ljava/lang/String;[Ljava/lang/String;)V+161
j  org.gradle.launcher.bootstrap.ProcessBootstrap.run(Ljava/lang/String;[Ljava/lang/String;)V+3
j  org.gradle.launcher.GradleMain.main([Ljava/lang/String;)V+36
v  ~StubRoutines::call_stub
V  [libjvm.dylib+0x43f718]  JavaCalls::call_helper(JavaValue*, methodHandle const&, JavaCallArguments*, Thread*)+0x30c
V  [libjvm.dylib+0x7f1128]  invoke(InstanceKlass*, methodHandle const&, Handle, bool, objArrayHandle, BasicType, objArrayHandle, bool, Thread*)+0x914
V  [libjvm.dylib+0x7f079c]  Reflection::invoke_method(oopDesc*, Handle, objArrayHandle, Thread*)+0x150
V  [libjvm.dylib+0x4f3b34]  JVM_InvokeMethod+0x358
j  jdk.internal.reflect.NativeMethodAccessorImpl.invoke0(Ljava/lang/reflect/Method;Ljava/lang/Object;[Ljava/lang/Object;)Ljava/lang/Object;+0 java.base@16
j  jdk.internal.reflect.NativeMethodAccessorImpl.invoke(Ljava/lang/Object;[Ljava/lang/Object;)Ljava/lang/Object;+146 java.base@16
j  jdk.internal.reflect.DelegatingMethodAccessorImpl.invoke(Ljava/lang/Object;[Ljava/lang/Object;)Ljava/lang/Object;+6 java.base@16
j  java.lang.reflect.Method.invoke(Ljava/lang/Object;[Ljava/lang/Object;)Ljava/lang/Object;+59 java.base@16
j  org.gradle.wrapper.BootstrapMainStarter.start([Ljava/lang/String;Ljava/io/File;)V+105
j  org.gradle.wrapper.WrapperExecutor.execute([Ljava/lang/String;Lorg/gradle/wrapper/Install;Lorg/gradle/wrapper/BootstrapMainStarter;)V+14
j  org.gradle.wrapper.GradleWrapperMain.main([Ljava/lang/String;)V+187
v  ~StubRoutines::call_stub
V  [libjvm.dylib+0x43f718]  JavaCalls::call_helper(JavaValue*, methodHandle const&, JavaCallArguments*, Thread*)+0x30c
V  [libjvm.dylib+0x4a115c]  jni_invoke_static(JNIEnv_*, JavaValue*, _jobject*, JNICallType, _jmethodID*, JNI_ArgumentPusher*, Thread*)+0x120
V  [libjvm.dylib+0x4a4570]  jni_CallStaticVoidMethod+0x120
C  [libjli.dylib+0x5430]  JavaMain+0x9d4
C  [libjli.dylib+0x778c]  ThreadJavaMain+0xc
C  [libsystem_pthread.dylib+0x7878]  _pthread_start+0x140


---------------  P R O C E S S  ---------------

Threads class SMR info:
_java_thread_list=0x000000011c7877f0, length=11, elements={
0x000000011d008800, 0x000000011d067600, 0x000000011c813800, 0x000000011d070000,
0x000000011d06fa00, 0x000000011d06bc00, 0x000000011d06c200, 0x000000011d06c800,
0x0000000115810200, 0x000000011c817000, 0x000000011d06ce00
}

Java Threads: ( => current thread )
=>0x000000011d008800 JavaThread "main" [_thread_in_Java, id=6147, stack(0x000000016d250000,0x000000016d453000)]
  0x000000011d067600 JavaThread "Reference Handler" daemon [_thread_blocked, id=17155, stack(0x000000016e0a4000,0x000000016e2a7000)]
  0x000000011c813800 JavaThread "Finalizer" daemon [_thread_blocked, id=16643, stack(0x000000016e2b0000,0x000000016e4b3000)]
  0x000000011d070000 JavaThread "Signal Dispatcher" daemon [_thread_blocked, id=42755, stack(0x000000016e5d4000,0x000000016e7d7000)]
  0x000000011d06fa00 JavaThread "Service Thread" daemon [_thread_blocked, id=42499, stack(0x000000016e7e0000,0x000000016e9e3000)]
  0x000000011d06bc00 JavaThread "Monitor Deflation Thread" daemon [_thread_blocked, id=42243, stack(0x000000016e9ec000,0x000000016ebef000)]
  0x000000011d06c200 JavaThread "C2 CompilerThread0" daemon [_thread_blocked, id=41987, stack(0x000000016ebf8000,0x000000016edfb000)]
  0x000000011d06c800 JavaThread "C1 CompilerThread0" daemon [_thread_blocked, id=41731, stack(0x000000016ee04000,0x000000016f007000)]
  0x0000000115810200 JavaThread "Sweeper thread" daemon [_thread_blocked, id=41475, stack(0x000000016f010000,0x000000016f213000)]
  0x000000011c817000 JavaThread "Notification Thread" daemon [_thread_blocked, id=41219, stack(0x000000016f21c000,0x000000016f41f000)]
  0x000000011d06ce00 JavaThread "Common-Cleaner" daemon [_thread_blocked, id=24579, stack(0x000000016f634000,0x000000016f837000)]

Other Threads:
  0x000000011c746410 VMThread "VM Thread" [stack: 0x000000016de98000,0x000000016e09b000] [id=17667]
  0x000000011c66c080 WatcherThread [stack: 0x000000016f428000,0x000000016f62b000] [id=24067]
  0x000000011c61c700 GCTaskThread "GC Thread#0" [stack: 0x000000016d45c000,0x000000016d65f000] [id=13059]
  0x000000011c61da80 ConcurrentGCThread "G1 Main Marker" [stack: 0x000000016d668000,0x000000016d86b000] [id=20227]
  0x000000011c717c90 ConcurrentGCThread "G1 Conc#0" [stack: 0x000000016d874000,0x000000016da77000] [id=19459]
  0x000000011c726fa0 ConcurrentGCThread "G1 Refine#0" [stack: 0x000000016da80000,0x000000016dc83000] [id=18691]
  0x000000011c727e30 ConcurrentGCThread "G1 Service" [stack: 0x000000016dc8c000,0x000000016de8f000] [id=18435]

Threads with active compile tasks:

VM state: not at safepoint (normal execution)

VM Mutex/Monitor currently owned by a thread: None

Heap address: 0x00000007bc000000, size: 64 MB, Compressed Oops mode: Zero based, Oop shift amount: 3
Compressed class space mapped at: 0x0000000300000000-0x0000000340000000, reserved size: 1073741824
Narrow klass base: 0x0000000000000000, Narrow klass shift: 3, Narrow klass range: 0x340000000

GC Precious Log:
 CPUs: 8 total, 8 available
 Memory: 16384M
 Large Page Support: Disabled
 NUMA Support: Disabled
 Compressed Oops: Enabled (Zero based)
 Heap Region Size: 1M
 Heap Min Capacity: 64M
 Heap Initial Capacity: 64M
 Heap Max Capacity: 64M
 Pre-touch: Disabled
 Parallel Workers: 8
 Concurrent Workers: 2
 Concurrent Refinement Workers: 8
 Periodic GC: Disabled

Heap:
 garbage-first heap   total 65536K, used 23552K [0x00000007bc000000, 0x00000007c0000000)
  region size 1024K, 19 young (19456K), 0 survivors (0K)
 Metaspace       used 10599K, committed 10816K, reserved 1064960K
  class space    used 1056K, committed 1152K, reserved 1048576K

Heap Regions: E=young(eden), S=young(survivor), O=old, HS=humongous(starts), HC=humongous(continues), CS=collection set, F=free, OA=open archive, CA=closed archive, TAMS=top-at-mark-start (previous, next)
|   0|0x00000007bc000000, 0x00000007bc100000, 0x00000007bc100000|100%|HS|  |TAMS 0x00000007bc000000, 0x00000007bc000000| Complete 
|   1|0x00000007bc100000, 0x00000007bc200000, 0x00000007bc200000|100%|HC|  |TAMS 0x00000007bc100000, 0x00000007bc100000| Complete 
|   2|0x00000007bc200000, 0x00000007bc300000, 0x00000007bc300000|100%|HC|  |TAMS 0x00000007bc200000, 0x00000007bc200000| Complete 
|   3|0x00000007bc300000, 0x00000007bc400000, 0x00000007bc400000|100%|HS|  |TAMS 0x00000007bc300000, 0x00000007bc300000| Complete 
|   4|0x00000007bc400000, 0x00000007bc500000, 0x00000007bc500000|100%|HC|  |TAMS 0x00000007bc400000, 0x00000007bc400000| Complete 
|   5|0x00000007bc500000, 0x00000007bc600000, 0x00000007bc600000|100%|HC|  |TAMS 0x00000007bc500000, 0x00000007bc500000| Complete 
|   6|0x00000007bc600000, 0x00000007bc600000, 0x00000007bc700000|  0%| F|  |TAMS 0x00000007bc600000, 0x00000007bc600000| Untracked 
|   7|0x00000007bc700000, 0x00000007bc700000, 0x00000007bc800000|  0%| F|  |TAMS 0x00000007bc700000, 0x00000007bc700000| Untracked 
|   8|0x00000007bc800000, 0x00000007bc800000, 0x00000007bc900000|  0%| F|  |TAMS 0x00000007bc800000, 0x00000007bc800000| Untracked 
|   9|0x00000007bc900000, 0x00000007bc900000, 0x00000007bca00000|  0%| F|  |TAMS 0x00000007bc900000, 0x00000007bc900000| Untracked 
|  10|0x00000007bca00000, 0x00000007bca00000, 0x00000007bcb00000|  0%| F|  |TAMS 0x00000007bca00000, 0x00000007bca00000| Untracked 
|  11|0x00000007bcb00000, 0x00000007bcb00000, 0x00000007bcc00000|  0%| F|  |TAMS 0x00000007bcb00000, 0x00000007bcb00000| Untracked 
|  12|0x00000007bcc00000, 0x00000007bcc00000, 0x00000007bcd00000|  0%| F|  |TAMS 0x00000007bcc00000, 0x00000007bcc00000| Untracked 
|  13|0x00000007bcd00000, 0x00000007bcd00000, 0x00000007bce00000|  0%| F|  |TAMS 0x00000007bcd00000, 0x00000007bcd00000| Untracked 
|  14|0x00000007bce00000, 0x00000007bce00000, 0x00000007bcf00000|  0%| F|  |TAMS 0x00000007bce00000, 0x00000007bce00000| Untracked 
|  15|0x00000007bcf00000, 0x00000007bcf00000, 0x00000007bd000000|  0%| F|  |TAMS 0x00000007bcf00000, 0x00000007bcf00000| Untracked 
|  16|0x00000007bd000000, 0x00000007bd000000, 0x00000007bd100000|  0%| F|  |TAMS 0x00000007bd000000, 0x00000007bd000000| Untracked 
|  17|0x00000007bd100000, 0x00000007bd100000, 0x00000007bd200000|  0%| F|  |TAMS 0x00000007bd100000, 0x00000007bd100000| Untracked 
|  18|0x00000007bd200000, 0x00000007bd200000, 0x00000007bd300000|  0%| F|  |TAMS 0x00000007bd200000, 0x00000007bd200000| Untracked 
|  19|0x00000007bd300000, 0x00000007bd300000, 0x00000007bd400000|  0%| F|  |TAMS 0x00000007bd300000, 0x00000007bd300000| Untracked 
|  20|0x00000007bd400000, 0x00000007bd400000, 0x00000007bd500000|  0%| F|  |TAMS 0x00000007bd400000, 0x00000007bd400000| Untracked 
|  21|0x00000007bd500000, 0x00000007bd500000, 0x00000007bd600000|  0%| F|  |TAMS 0x00000007bd500000, 0x00000007bd500000| Untracked 
|  22|0x00000007bd600000, 0x00000007bd600000, 0x00000007bd700000|  0%| F|  |TAMS 0x00000007bd600000, 0x00000007bd600000| Untracked 
|  23|0x00000007bd700000, 0x00000007bd700000, 0x00000007bd800000|  0%| F|  |TAMS 0x00000007bd700000, 0x00000007bd700000| Untracked 
|  24|0x00000007bd800000, 0x00000007bd800000, 0x00000007bd900000|  0%| F|  |TAMS 0x00000007bd800000, 0x00000007bd800000| Untracked 
|  25|0x00000007bd900000, 0x00000007bd900000, 0x00000007bda00000|  0%| F|  |TAMS 0x00000007bd900000, 0x00000007bd900000| Untracked 
|  26|0x00000007bda00000, 0x00000007bda00000, 0x00000007bdb00000|  0%| F|  |TAMS 0x00000007bda00000, 0x00000007bda00000| Untracked 
|  27|0x00000007bdb00000, 0x00000007bdb00000, 0x00000007bdc00000|  0%| F|  |TAMS 0x00000007bdb00000, 0x00000007bdb00000| Untracked 
|  28|0x00000007bdc00000, 0x00000007bdc00000, 0x00000007bdd00000|  0%| F|  |TAMS 0x00000007bdc00000, 0x00000007bdc00000| Untracked 
|  29|0x00000007bdd00000, 0x00000007bdd00000, 0x00000007bde00000|  0%| F|  |TAMS 0x00000007bdd00000, 0x00000007bdd00000| Untracked 
|  30|0x00000007bde00000, 0x00000007bde00000, 0x00000007bdf00000|  0%| F|  |TAMS 0x00000007bde00000, 0x00000007bde00000| Untracked 
|  31|0x00000007bdf00000, 0x00000007bdf00000, 0x00000007be000000|  0%| F|  |TAMS 0x00000007bdf00000, 0x00000007bdf00000| Untracked 
|  32|0x00000007be000000, 0x00000007be000000, 0x00000007be100000|  0%| F|  |TAMS 0x00000007be000000, 0x00000007be000000| Untracked 
|  33|0x00000007be100000, 0x00000007be100000, 0x00000007be200000|  0%| F|  |TAMS 0x00000007be100000, 0x00000007be100000| Untracked 
|  34|0x00000007be200000, 0x00000007be200000, 0x00000007be300000|  0%| F|  |TAMS 0x00000007be200000, 0x00000007be200000| Untracked 
|  35|0x00000007be300000, 0x00000007be300000, 0x00000007be400000|  0%| F|  |TAMS 0x00000007be300000, 0x00000007be300000| Untracked 
|  36|0x00000007be400000, 0x00000007be400000, 0x00000007be500000|  0%| F|  |TAMS 0x00000007be400000, 0x00000007be400000| Untracked 
|  37|0x00000007be500000, 0x00000007be500000, 0x00000007be600000|  0%| F|  |TAMS 0x00000007be500000, 0x00000007be500000| Untracked 
|  38|0x00000007be600000, 0x00000007be600000, 0x00000007be700000|  0%| F|  |TAMS 0x00000007be600000, 0x00000007be600000| Untracked 
|  39|0x00000007be700000, 0x00000007be700000, 0x00000007be800000|  0%| F|  |TAMS 0x00000007be700000, 0x00000007be700000| Untracked 
|  40|0x00000007be800000, 0x00000007be800000, 0x00000007be900000|  0%| F|  |TAMS 0x00000007be800000, 0x00000007be800000| Untracked 
|  41|0x00000007be900000, 0x00000007be900000, 0x00000007bea00000|  0%| F|  |TAMS 0x00000007be900000, 0x00000007be900000| Untracked 
|  42|0x00000007bea00000, 0x00000007bea00000, 0x00000007beb00000|  0%| F|  |TAMS 0x00000007bea00000, 0x00000007bea00000| Untracked 
|  43|0x00000007beb00000, 0x00000007beb00000, 0x00000007bec00000|  0%| F|  |TAMS 0x00000007beb00000, 0x00000007beb00000| Untracked 
|  44|0x00000007bec00000, 0x00000007bec00000, 0x00000007bed00000|  0%| F|  |TAMS 0x00000007bec00000, 0x00000007bec00000| Untracked 
|  45|0x00000007bed00000, 0x00000007bed77c58, 0x00000007bee00000| 46%| E|  |TAMS 0x00000007bed00000, 0x00000007bed00000| Complete 
|  46|0x00000007bee00000, 0x00000007bef00000, 0x00000007bef00000|100%| E|CS|TAMS 0x00000007bee00000, 0x00000007bee00000| Complete 
|  47|0x00000007bef00000, 0x00000007bf000000, 0x00000007bf000000|100%| E|CS|TAMS 0x00000007bef00000, 0x00000007bef00000| Complete 
|  48|0x00000007bf000000, 0x00000007bf100000, 0x00000007bf100000|100%| E|CS|TAMS 0x00000007bf000000, 0x00000007bf000000| Complete 
|  49|0x00000007bf100000, 0x00000007bf200000, 0x00000007bf200000|100%| E|CS|TAMS 0x00000007bf100000, 0x00000007bf100000| Complete 
|  50|0x00000007bf200000, 0x00000007bf300000, 0x00000007bf300000|100%| E|CS|TAMS 0x00000007bf200000, 0x00000007bf200000| Complete 
|  51|0x00000007bf300000, 0x00000007bf400000, 0x00000007bf400000|100%| E|CS|TAMS 0x00000007bf300000, 0x00000007bf300000| Complete 
|  52|0x00000007bf400000, 0x00000007bf500000, 0x00000007bf500000|100%| E|  |TAMS 0x00000007bf400000, 0x00000007bf400000| Complete 
|  53|0x00000007bf500000, 0x00000007bf600000, 0x00000007bf600000|100%| E|CS|TAMS 0x00000007bf500000, 0x00000007bf500000| Complete 
|  54|0x00000007bf600000, 0x00000007bf700000, 0x00000007bf700000|100%| E|CS|TAMS 0x00000007bf600000, 0x00000007bf600000| Complete 
|  55|0x00000007bf700000, 0x00000007bf800000, 0x00000007bf800000|100%| E|CS|TAMS 0x00000007bf700000, 0x00000007bf700000| Complete 
|  56|0x00000007bf800000, 0x00000007bf900000, 0x00000007bf900000|100%| E|CS|TAMS 0x00000007bf800000, 0x00000007bf800000| Complete 
|  57|0x00000007bf900000, 0x00000007bfa00000, 0x00000007bfa00000|100%| E|CS|TAMS 0x00000007bf900000, 0x00000007bf900000| Complete 
|  58|0x00000007bfa00000, 0x00000007bfb00000, 0x00000007bfb00000|100%| E|CS|TAMS 0x00000007bfa00000, 0x00000007bfa00000| Complete 
|  59|0x00000007bfb00000, 0x00000007bfc00000, 0x00000007bfc00000|100%| E|CS|TAMS 0x00000007bfb00000, 0x00000007bfb00000| Complete 
|  60|0x00000007bfc00000, 0x00000007bfd00000, 0x00000007bfd00000|100%| E|CS|TAMS 0x00000007bfc00000, 0x00000007bfc00000| Complete 
|  61|0x00000007bfd00000, 0x00000007bfe00000, 0x00000007bfe00000|100%| E|CS|TAMS 0x00000007bfd00000, 0x00000007bfd00000| Complete 
|  62|0x00000007bfe00000, 0x00000007bff00000, 0x00000007bff00000|100%| E|CS|TAMS 0x00000007bfe00000, 0x00000007bfe00000| Complete 
|  63|0x00000007bff00000, 0x00000007c0000000, 0x00000007c0000000|100%| E|CS|TAMS 0x00000007bff00000, 0x00000007bff00000| Complete 

Card table byte_map: [0x0000000102f54000,0x0000000102f74000] _byte_map_base: 0x00000000ff174000

Marking Bits (Prev, Next): (CMBitMap*) 0x000000011c80e210, (CMBitMap*) 0x000000011c80e250
 Prev Bits: [0x0000000103100000, 0x0000000103200000)
 Next Bits: [0x0000000103200000, 0x0000000103300000)

Polling page: 0x0000000102ccc000

Metaspace:

Usage:
  Non-class:      9.32 MB used.
      Class:      1.03 MB used.
       Both:     10.35 MB used.

Virtual space:
  Non-class space:       16.00 MB reserved,       9.44 MB ( 59%) committed,  2 nodes.
      Class space:        1.00 GB reserved,       1.12 MB ( <1%) committed,  1 nodes.
              Both:        1.02 GB reserved,      10.56 MB (  1%) committed. 

Chunk freelists:
   Non-Class:  2.48 MB
       Class:  2.73 MB
        Both:  5.21 MB

MaxMetaspaceSize: 17179869184.00 GB
CompressedClassSpaceSize: 1.00 GB
 - commit_granule_bytes: 65536.
 - commit_granule_words: 8192.
 - virtual_space_node_default_size: 1048576.
 - enlarge_chunks_in_place: 1.
 - new_chunks_are_fully_committed: 0.
 - uncommit_free_chunks: 1.
 - use_allocation_guard: 0.
 - handle_deallocations: 1.


Internal statistics:

num_allocs_failed_limit: 0.
num_arena_births: 96.
num_arena_deaths: 0.
num_vsnodes_births: 3.
num_vsnodes_deaths: 0.
num_space_committed: 169.
num_space_uncommitted: 0.
num_chunks_returned_to_freelist: 0.
num_chunks_taken_from_freelist: 192.
num_chunk_merges: 0.
num_chunk_splits: 119.
num_chunks_enlarged: 92.
num_purges: 0.

CodeHeap 'non-profiled nmethods': size=120032Kb used=241Kb max_used=241Kb free=119790Kb
 bounds [0x000000012fac8000, 0x000000012fd38000, 0x0000000137000000]
CodeHeap 'profiled nmethods': size=120016Kb used=1648Kb max_used=1648Kb free=118367Kb
 bounds [0x0000000128594000, 0x0000000128804000, 0x000000012fac8000]
CodeHeap 'non-nmethods': size=5712Kb used=1078Kb max_used=1114Kb free=4633Kb
 bounds [0x0000000128000000, 0x0000000128270000, 0x0000000128594000]
 total_blobs=1179 nmethods=799 adapters=297
 compilation: enabled
              stopped_count=0, restarted_count=0
 full_count=0

Compilation events (20 events):
Event: 0.263 Thread 0x000000011d06c200 nmethod 786 0x000000012fb00e10 code [0x000000012fb00fc0, 0x000000012fb01110]
Event: 0.263 Thread 0x000000011d06c200  780   !   4       java.util.zip.ZipFile::getEntry (59 bytes)
Event: 0.264 Thread 0x000000011d06c800 nmethod 790 0x000000012871d390 code [0x000000012871d840, 0x000000012871f068]
Event: 0.264 Thread 0x000000011d06c800  789       3       java.util.StringTokenizer::skipDelimiters (116 bytes)
Event: 0.264 Thread 0x000000011d06c800 nmethod 789 0x000000012871f910 code [0x000000012871fc40, 0x0000000128720a38]
Event: 0.264 Thread 0x000000011d06c800  793       3       java.util.StringTokenizer::nextToken (92 bytes)
Event: 0.264 Thread 0x000000011d06c800 nmethod 793 0x0000000128720f90 code [0x0000000128721180, 0x0000000128721568]
Event: 0.264 Thread 0x000000011d06c800  791       3       java.util.StringTokenizer::hasMoreTokens (29 bytes)
Event: 0.264 Thread 0x000000011d06c800 nmethod 791 0x0000000128721710 code [0x00000001287218c0, 0x0000000128721ad8]
Event: 0.267 Thread 0x000000011d06c800  794       3       java.lang.invoke.MemberName::getReferenceKind (12 bytes)
Event: 0.267 Thread 0x000000011d06c800 nmethod 794 0x0000000128721b90 code [0x0000000128721d40, 0x0000000128721ea8]
Event: 0.268 Thread 0x000000011d06c800  795       3       jdk.internal.org.objectweb.asm.ByteVector::putByteArray (49 bytes)
Event: 0.268 Thread 0x000000011d06c800 nmethod 795 0x0000000128721f10 code [0x00000001287220c0, 0x00000001287223c8]
Event: 0.268 Thread 0x000000011d06c800  796       3       java.lang.invoke.MethodType::toMethodDescriptorString (28 bytes)
Event: 0.268 Thread 0x000000011d06c800 nmethod 796 0x0000000128722510 code [0x00000001287226c0, 0x0000000128722918]
Event: 0.268 Thread 0x000000011d06c800  797       3       java.lang.invoke.MemberName::getName (25 bytes)
Event: 0.269 Thread 0x000000011d06c800 nmethod 797 0x0000000128722a10 code [0x0000000128722c00, 0x0000000128722fd8]
Event: 0.269 Thread 0x000000011d06c800  798       3       java.lang.StringUTF16::getChar (60 bytes)
Event: 0.269 Thread 0x000000011d06c800 nmethod 798 0x0000000128723110 code [0x00000001287232c0, 0x0000000128723468]
Event: 0.270 Thread 0x000000011d06c800  800       3       sun.net.www.protocol.jar.Handler::parseURL (212 bytes)

GC Heap History (0 events):
No events

Deoptimization events (20 events):
Event: 0.252 Thread 0x000000011d008800 Uncommon trap: trap_request=0xffffffde fr.pc=0x000000012fae30bc relative=0x00000000000003bc
Event: 0.252 Thread 0x000000011d008800 Uncommon trap: reason=class_check action=maybe_recompile pc=0x000000012fae30bc method=java.util.regex.Matcher.match(II)Z @ 121 c2
Event: 0.252 Thread 0x000000011d008800 DEOPT PACKING pc=0x000000012fae30bc sp=0x000000016d4514f0
Event: 0.252 Thread 0x000000011d008800 DEOPT UNPACKING pc=0x0000000128039d9c sp=0x000000016d451490 mode 2
Event: 0.252 Thread 0x000000011d008800 Uncommon trap: trap_request=0xffffffde fr.pc=0x000000012fae30bc relative=0x00000000000003bc
Event: 0.252 Thread 0x000000011d008800 Uncommon trap: reason=class_check action=maybe_recompile pc=0x000000012fae30bc method=java.util.regex.Matcher.match(II)Z @ 121 c2
Event: 0.252 Thread 0x000000011d008800 DEOPT PACKING pc=0x000000012fae30bc sp=0x000000016d4514f0
Event: 0.252 Thread 0x000000011d008800 DEOPT UNPACKING pc=0x0000000128039d9c sp=0x000000016d451490 mode 2
Event: 0.258 Thread 0x000000011d008800 DEOPT PACKING pc=0x0000000128623688 sp=0x000000016d450330
Event: 0.258 Thread 0x000000011d008800 DEOPT UNPACKING pc=0x0000000128039bfc sp=0x000000016d450130 mode 3
Event: 0.258 Thread 0x000000011d008800 DEOPT PACKING pc=0x00000001285e4210 sp=0x000000016d450610
Event: 0.258 Thread 0x000000011d008800 DEOPT UNPACKING pc=0x0000000128039bfc sp=0x000000016d450420 mode 3
Event: 0.258 Thread 0x000000011d008800 DEOPT PACKING pc=0x0000000128632f0c sp=0x000000016d450960
Event: 0.258 Thread 0x000000011d008800 DEOPT UNPACKING pc=0x0000000128039bfc sp=0x000000016d450790 mode 3
Event: 0.269 Thread 0x000000011d008800 Uncommon trap: trap_request=0xffffff45 fr.pc=0x000000012fad13e4 relative=0x0000000000000064
Event: 0.269 Thread 0x000000011d008800 Uncommon trap: reason=unstable_if action=reinterpret pc=0x000000012fad13e4 method=java.lang.String.isLatin1()Z @ 10 c2
Event: 0.269 Thread 0x000000011d008800 DEOPT PACKING pc=0x000000012fad13e4 sp=0x000000016d450db0
Event: 0.269 Thread 0x000000011d008800 DEOPT UNPACKING pc=0x0000000128039d9c sp=0x000000016d450d50 mode 2
Event: 0.269 Thread 0x000000011d008800 DEOPT PACKING pc=0x00000001285f92fc sp=0x000000016d450880
Event: 0.269 Thread 0x000000011d008800 DEOPT UNPACKING pc=0x0000000128039bfc sp=0x000000016d450630 mode 3

Classes unloaded (0 events):
No events

Classes redefined (0 events):
No events

Internal exceptions (20 events):
Event: 0.085 Thread 0x000000011d008800 Exception <a 'java/lang/NoSuchMethodError'{0x00000007bfea7000}: 'java.lang.Object java.lang.invoke.DirectMethodHandle$Holder.getReference(java.lang.Object, java.lang.Object)'> (0x00000007bfea7000) 
thrown [src/hotspot/share/interpreter/linkResolver.cpp, line 790]
Event: 0.086 Thread 0x000000011d008800 Exception <a 'java/lang/NoSuchMethodError'{0x00000007bfeab290}: 'java.lang.Object java.lang.invoke.LambdaForm$Holder.identity_L(java.lang.Object, java.lang.Object)'> (0x00000007bfeab290) 
thrown [src/hotspot/share/interpreter/linkResolver.cpp, line 790]
Event: 0.086 Thread 0x000000011d008800 Exception <a 'java/lang/NoSuchMethodError'{0x00000007bfeae1d0}: 'java.lang.Object java.lang.invoke.LambdaForm$Holder.zero_L(java.lang.Object)'> (0x00000007bfeae1d0) 
thrown [src/hotspot/share/interpreter/linkResolver.cpp, line 790]
Event: 0.087 Thread 0x000000011d008800 Exception <a 'java/lang/NoSuchMethodError'{0x00000007bfeb4938}: 'java.lang.Object java.lang.invoke.DirectMethodHandle$Holder.invokeSpecial(java.lang.Object, java.lang.Object)'> (0x00000007bfeb4938) 
thrown [src/hotspot/share/interpreter/linkResolver.cpp, line 790]
Event: 0.087 Thread 0x000000011d008800 Exception <a 'java/lang/NoSuchMethodError'{0x00000007bfeb8218}: 'java.lang.Object java.lang.invoke.Invokers$Holder.linkToTargetMethod(java.lang.Object)'> (0x00000007bfeb8218) 
thrown [src/hotspot/share/interpreter/linkResolver.cpp, line 790]
Event: 0.119 Thread 0x000000011d008800 Exception <a 'java/lang/NoSuchMethodError'{0x00000007bfc6f718}: 'int java.lang.invoke.DirectMethodHandle$Holder.invokeStatic(java.lang.Object, java.lang.Object)'> (0x00000007bfc6f718) 
thrown [src/hotspot/share/interpreter/linkResolver.cpp, line 790]
Event: 0.119 Thread 0x000000011d008800 Exception <a 'java/lang/NoSuchMethodError'{0x00000007bfc73070}: 'int java.lang.invoke.DirectMethodHandle$Holder.invokeStaticInit(java.lang.Object, java.lang.Object)'> (0x00000007bfc73070) 
thrown [src/hotspot/share/interpreter/linkResolver.cpp, line 790]
Event: 0.129 Thread 0x000000011d008800 Exception <a 'java/lang/NoSuchMethodError'{0x00000007bfb78950}: 'java.lang.Object java.lang.invoke.DirectMethodHandle$Holder.newInvokeSpecial(java.lang.Object, java.lang.Object)'> (0x00000007bfb78950) 
thrown [src/hotspot/share/interpreter/linkResolver.cpp, line 790]
Event: 0.130 Thread 0x000000011d008800 Exception <a 'java/lang/NoSuchMethodError'{0x00000007bfb7c898}: 'java.lang.Object java.lang.invoke.DirectMethodHandle$Holder.invokeSpecial(java.lang.Object, java.lang.Object, java.lang.Object)'> (0x00000007bfb7c898) 
thrown [src/hotspot/share/interpreter/linkResolver.cpp, line 790]
Event: 0.130 Thread 0x000000011d008800 Exception <a 'java/lang/NoSuchMethodError'{0x00000007bfb80028}: 'java.lang.Object java.lang.invoke.Invokers$Holder.linkToTargetMethod(java.lang.Object, java.lang.Object)'> (0x00000007bfb80028) 
thrown [src/hotspot/share/interpreter/linkResolver.cpp, line 790]
Event: 0.218 Thread 0x000000011d008800 Exception <a 'java/lang/NoSuchMethodError'{0x00000007bf1158f0}: 'java.lang.Object java.lang.invoke.DirectMethodHandle$Holder.invokeStatic(java.lang.Object, java.lang.Object)'> (0x00000007bf1158f0) 
thrown [src/hotspot/share/interpreter/linkResolver.cpp, line 790]
Event: 0.229 Thread 0x000000011d008800 Exception <a 'java/lang/NoSuchMethodError'{0x00000007bf00e700}: 'java.lang.Object java.lang.invoke.DirectMethodHandle$Holder.invokeStatic(java.lang.Object, java.lang.Object, java.lang.Object, java.lang.Object, java.lang.Object, java.lang.Object)'> (0x00000007bf00e700) 
thrown [src/hotspot/share/interpreter/linkResolver.cpp, line 790]
Event: 0.230 Thread 0x000000011d008800 Exception <a 'java/lang/NoSuchMethodError'{0x00000007bf012e10}: 'java.lang.Object java.lang.invoke.DirectMethodHandle$Holder.invokeSpecial(java.lang.Object, java.lang.Object, java.lang.Object, java.lang.Object, java.lang.Object, java.lang.Object, java.lang.Object)'> (0x00000007bf012e10) 
thrown [src/hotspot/share/interpreter/linkResolver.cpp, line 790]
Event: 0.230 Thread 0x000000011d008800 Exception <a 'java/lang/NoSuchMethodError'{0x00000007bf017440}: 'java.lang.Object java.lang.invoke.DelegatingMethodHandle$Holder.delegate(java.lang.Object, java.lang.Object, java.lang.Object, java.lang.Object, java.lang.Object, java.lang.Object)'> (0x00000007bf017440) 
thrown [src/hotspot/share/interpreter/linkResolver.cpp, line 790]
Event: 0.230 Thread 0x000000011d008800 Exception <a 'java/lang/NoSuchMethodError'{0x00000007bf01b910}: 'java.lang.Object java.lang.invoke.Invokers$Holder.invokeExact_MT(java.lang.Object, java.lang.Object, java.lang.Object, java.lang.Object, java.lang.Object, java.lang.Object, java.lang.Object)'> (0x00000007bf01b910) 
thrown [src/hotspot/share/interpreter/linkResolver.cpp, line 790]
Event: 0.231 Thread 0x000000011d008800 Exception <a 'java/lang/NoSuchMethodError'{0x00000007bf032858}: 'java.lang.Object java.lang.invoke.DirectMethodHandle$Holder.invokeStatic(java.lang.Object, java.lang.Object, java.lang.Object, java.lang.Object, java.lang.Object)'> (0x00000007bf032858) 
thrown [src/hotspot/share/interpreter/linkResolver.cpp, line 790]
Event: 0.235 Thread 0x000000011d008800 Exception <a 'java/lang/NoSuchMethodError'{0x00000007bf0464f0}: 'int java.lang.invoke.DirectMethodHandle$Holder.invokeSpecial(java.lang.Object, java.lang.Object)'> (0x00000007bf0464f0) 
thrown [src/hotspot/share/interpreter/linkResolver.cpp, line 790]
Event: 0.235 Thread 0x000000011d008800 Exception <a 'java/lang/NoSuchMethodError'{0x00000007bf04c608}: 'java.lang.Object java.lang.invoke.DirectMethodHandle$Holder.newInvokeSpecial(java.lang.Object)'> (0x00000007bf04c608) 
thrown [src/hotspot/share/interpreter/linkResolver.cpp, line 790]
Event: 0.253 Thread 0x000000011d008800 Exception <a 'java/lang/NoSuchMethodError'{0x00000007bee5d270}: 'void java.lang.invoke.DirectMethodHandle$Holder.invokeStatic(java.lang.Object, java.lang.Object)'> (0x00000007bee5d270) 
thrown [src/hotspot/share/interpreter/linkResolver.cpp, line 790]
Event: 0.270 Thread 0x000000011d008800 Exception <a 'java/lang/NoClassDefFoundError'{0x00000007bed55980}: org/slf4j/impl/StaticMarkerBinder> (0x00000007bed55980) 
thrown [src/hotspot/share/classfile/systemDictionary.cpp, line 245]

Events (20 events):
Event: 0.269 loading class java/util/stream/IntPipeline$10$1
Event: 0.269 loading class java/util/stream/Sink$ChainedInt
Event: 0.269 loading class java/util/stream/Sink$ChainedInt done
Event: 0.269 loading class java/util/stream/IntPipeline$10$1 done
Event: 0.269 loading class java/lang/StringUTF16$CharsSpliterator
Event: 0.269 loading class java/lang/StringUTF16$CharsSpliterator done
Event: 0.269 loading class java/lang/CharacterData00
Event: 0.269 loading class java/lang/CharacterData00 done
Event: 0.269 loading class java/util/Formatter$FixedString
Event: 0.270 loading class java/util/Formatter$FormatString
Event: 0.270 loading class java/util/Formatter$FormatString done
Event: 0.270 loading class java/util/Formatter$FixedString done
Event: 0.270 loading class java/util/Formatter$FormatSpecifier
Event: 0.270 loading class java/util/Formatter$FormatSpecifier done
Event: 0.270 loading class java/util/Formatter$Flags
Event: 0.270 loading class java/util/Formatter$Flags done
Event: 0.270 loading class java/util/Formatter$Conversion
Event: 0.270 loading class java/util/Formatter$Conversion done
Event: 0.270 loading class java/util/Formattable
Event: 0.270 loading class java/util/Formattable done


Dynamic libraries:
0x00000001a7739000 	/usr/lib/libz.1.dylib
0x0000000102c5c000 	/Library/Java/JavaVirtualMachines/zulu-16.jdk/Contents/Home/lib/libjli.dylib
0x00000001b1c43000 	/System/Library/Frameworks/Cocoa.framework/Versions/A/Cocoa
0x000000019fb86000 	/System/Library/Frameworks/Security.framework/Versions/A/Security
0x00000001affb1000 	/System/Library/Frameworks/ApplicationServices.framework/Versions/A/ApplicationServices
0x00000001a77df000 	/usr/lib/libSystem.B.dylib
0x00000001a77d9000 	/usr/lib/system/libcache.dylib
0x00000001a7798000 	/usr/lib/system/libcommonCrypto.dylib
0x00000001a77c2000 	/usr/lib/system/libcompiler_rt.dylib
0x00000001a77b9000 	/usr/lib/system/libcopyfile.dylib
0x000000019dafc000 	/usr/lib/system/libcorecrypto.dylib
0x000000019db9c000 	/usr/lib/system/libdispatch.dylib
0x000000019dd55000 	/usr/lib/system/libdyld.dylib
0x00000001a77cf000 	/usr/lib/system/libkeymgr.dylib
0x00000001aac00000 	/usr/lib/system/liblaunch.dylib
0x00000001a777a000 	/usr/lib/system/libmacho.dylib
0x00000001a6fec000 	/usr/lib/system/libquarantine.dylib
0x00000001a77cc000 	/usr/lib/system/libremovefile.dylib
0x00000001a25e2000 	/usr/lib/system/libsystem_asl.dylib
0x000000019daaa000 	/usr/lib/system/libsystem_blocks.dylib
0x000000019dc1e000 	/usr/lib/system/libsystem_c.dylib
0x00000001a77c6000 	/usr/lib/system/libsystem_collections.dylib
0x00000001a6626000 	/usr/lib/system/libsystem_configuration.dylib
0x00000001a59a9000 	/usr/lib/system/libsystem_containermanager.dylib
0x00000001a754f000 	/usr/lib/system/libsystem_coreservices.dylib
0x00000001a015d000 	/usr/lib/system/libsystem_darwin.dylib
0x00000001a77d0000 	/usr/lib/system/libsystem_dnssd.dylib
0x000000019dc1b000 	/usr/lib/system/libsystem_featureflags.dylib
0x000000019dd9e000 	/usr/lib/system/libsystem_info.dylib
0x00000001a774b000 	/usr/lib/system/libsystem_m.dylib
0x000000019db70000 	/usr/lib/system/libsystem_malloc.dylib
0x00000001a257d000 	/usr/lib/system/libsystem_networkextension.dylib
0x00000001a05a0000 	/usr/lib/system/libsystem_notify.dylib
0x00000001ad0ae000 	/usr/lib/system/libsystem_product_info_filter.dylib
0x00000001a662b000 	/usr/lib/system/libsystem_sandbox.dylib
0x00000001a77c9000 	/usr/lib/system/libsystem_secinit.dylib
0x000000019dd14000 	/usr/lib/system/libsystem_kernel.dylib
0x000000019dd97000 	/usr/lib/system/libsystem_platform.dylib
0x000000019dd48000 	/usr/lib/system/libsystem_pthread.dylib
0x00000001a3b4f000 	/usr/lib/system/libsystem_symptoms.dylib
0x000000019dae4000 	/usr/lib/system/libsystem_trace.dylib
0x00000001a77a6000 	/usr/lib/system/libunwind.dylib
0x000000019daac000 	/usr/lib/system/libxpc.dylib
0x000000019dcfc000 	/usr/lib/libc++abi.dylib
0x000000019dbe1000 	/usr/lib/libobjc.A.dylib
0x00000001a77b1000 	/usr/lib/liboah.dylib
0x000000019dca0000 	/usr/lib/libc++.1.dylib
0x000000019ddca000 	/System/Library/Frameworks/CoreFoundation.framework/Versions/A/CoreFoundation
0x000000019eb91000 	/System/Library/Frameworks/Foundation.framework/Versions/C/Foundation
0x00000001a05fa000 	/System/Library/Frameworks/AppKit.framework/Versions/C/AppKit
0x00000001a3418000 	/System/Library/Frameworks/CoreData.framework/Versions/A/CoreData
0x00000001a133a000 	/System/Library/PrivateFrameworks/UIFoundation.framework/Versions/A/UIFoundation
0x00000001ace40000 	/System/Library/PrivateFrameworks/RemoteViewServices.framework/Versions/A/RemoteViewServices
0x00000001a605a000 	/System/Library/PrivateFrameworks/XCTTargetBootstrap.framework/Versions/A/XCTTargetBootstrap
0x00000001a8999000 	/usr/lib/libspindump.dylib
0x00000001a1561000 	/System/Library/Frameworks/UniformTypeIdentifiers.framework/Versions/A/UniformTypeIdentifiers
0x00000001a4642000 	/usr/lib/libapp_launch_measurement.dylib
0x00000001a4645000 	/System/Library/PrivateFrameworks/CoreAutoLayout.framework/Versions/A/CoreAutoLayout
0x00000001a59d7000 	/System/Library/Frameworks/Metal.framework/Versions/A/Metal
0x00000001a6636000 	/usr/lib/liblangid.dylib
0x00000001a605e000 	/System/Library/PrivateFrameworks/CoreSVG.framework/Versions/A/CoreSVG
0x00000001a2614000 	/System/Library/PrivateFrameworks/SkyLight.framework/Versions/A/SkyLight
0x00000001a297f000 	/System/Library/Frameworks/CoreGraphics.framework/Versions/A/CoreGraphics
0x00000001ad360000 	/System/Library/Frameworks/Accelerate.framework/Versions/A/Accelerate
0x00000001a83f3000 	/System/Library/PrivateFrameworks/IconServices.framework/Versions/A/IconServices
0x00000001a59bb000 	/System/Library/Frameworks/IOSurface.framework/Versions/A/IOSurface
0x00000001a3ce6000 	/usr/lib/libDiagnosticMessagesClient.dylib
0x00000001a6042000 	/System/Library/PrivateFrameworks/DFRFoundation.framework/Versions/A/DFRFoundation
0x000000019feeb000 	/usr/lib/libicucore.A.dylib
0x00000001a9eea000 	/System/Library/Frameworks/AudioToolbox.framework/Versions/A/AudioToolbox
0x00000001a90ff000 	/System/Library/PrivateFrameworks/DataDetectorsCore.framework/Versions/A/DataDetectorsCore
0x00000001a258f000 	/usr/lib/libMobileGestalt.dylib
0x00000001a5d37000 	/System/Library/Frameworks/Carbon.framework/Versions/A/Frameworks/HIToolbox.framework/Versions/A/HIToolbox
0x00000001a40e1000 	/System/Library/Frameworks/QuartzCore.framework/Versions/A/QuartzCore
0x00000001ace78000 	/System/Library/Frameworks/Carbon.framework/Versions/A/Frameworks/SpeechRecognition.framework/Versions/A/SpeechRecognition
0x00000001a43e0000 	/System/Library/PrivateFrameworks/CoreUI.framework/Versions/A/CoreUI
0x000000019f56b000 	/System/Library/Frameworks/CoreAudio.framework/Versions/A/CoreAudio
0x00000001a3dcf000 	/System/Library/Frameworks/DiskArbitration.framework/Versions/A/DiskArbitration
0x00000001a8d4c000 	/System/Library/PrivateFrameworks/MultitouchSupport.framework/Versions/A/MultitouchSupport
0x00000001a90f6000 	/System/Library/PrivateFrameworks/InternationalSupport.framework/Versions/A/InternationalSupport
0x00000001a258d000 	/usr/lib/libenergytrace.dylib
0x00000001a04d4000 	/System/Library/Frameworks/IOKit.framework/Versions/A/IOKit
0x00000001ad1a3000 	/System/Library/Frameworks/CoreServices.framework/Versions/A/CoreServices
0x00000001a45d8000 	/System/Library/PrivateFrameworks/PerformanceAnalysis.framework/Versions/A/PerformanceAnalysis
0x00000001dfd44000 	/System/Library/Frameworks/OpenGL.framework/Versions/A/OpenGL
0x00000001a9174000 	/System/Library/PrivateFrameworks/UserActivity.framework/Versions/A/UserActivity
0x00000001a2f6d000 	/System/Library/Frameworks/ColorSync.framework/Versions/A/ColorSync
0x00000001a62a8000 	/System/Library/Frameworks/CoreImage.framework/Versions/A/CoreImage
0x000000019f39b000 	/System/Library/Frameworks/CoreText.framework/Versions/A/CoreText
0x00000001a6089000 	/System/Library/Frameworks/ImageIO.framework/Versions/A/ImageIO
0x00000001a77e5000 	/System/Library/PrivateFrameworks/SoftLinking.framework/Versions/A/SoftLinking
0x00000001a4688000 	/usr/lib/libxml2.2.dylib
0x00000001a7a65000 	/usr/lib/libcompression.dylib
0x00000001a9042000 	/System/Library/PrivateFrameworks/TextureIO.framework/Versions/A/TextureIO
0x00000001a8150000 	/usr/lib/libate.dylib
0x00000001a7f99000 	/usr/lib/liblzma.5.dylib
0x000000019e8a6000 	/System/Library/Frameworks/SystemConfiguration.framework/Versions/A/SystemConfiguration
0x00000001a77e1000 	/usr/lib/libfakelink.dylib
0x00000001a20f4000 	/System/Library/Frameworks/CFNetwork.framework/Versions/A/CFNetwork
0x00000001a792b000 	/usr/lib/libarchive.2.dylib
0x000000019e92e000 	/usr/lib/libCRFSuite.dylib
0x00000001a7016000 	/usr/lib/libbsm.0.dylib
0x00000001a19ab000 	/usr/lib/libnetwork.dylib
0x00000001a77e6000 	/usr/lib/libpcap.A.dylib
0x00000001a3b47000 	/usr/lib/libdns_services.dylib
0x00000001a7fb2000 	/usr/lib/libcoretls_cfhelpers.dylib
0x00000001a7a34000 	/usr/lib/libapple_nghttp2.dylib
0x00000001a7780000 	/usr/lib/system/libkxld.dylib
0x00000001a37d8000 	/usr/lib/libsqlite3.dylib
0x00000001a7532000 	/System/Library/PrivateFrameworks/AppleFSCompression.framework/Versions/A/AppleFSCompression
0x00000001a6fff000 	/usr/lib/libcoretls.dylib
0x00000001a7a60000 	/usr/lib/libpam.2.dylib
0x00000001a8099000 	/usr/lib/libxar.1.dylib
0x00000001a6632000 	/System/Library/PrivateFrameworks/AppleSystemInfo.framework/Versions/A/AppleSystemInfo
0x00000001a6c4f000 	/System/Library/PrivateFrameworks/IOMobileFramebuffer.framework/Versions/A/IOMobileFramebuffer
0x00000001a7542000 	/usr/lib/libbz2.1.0.dylib
0x00000001a7822000 	/usr/lib/libiconv.2.dylib
0x00000001a7779000 	/usr/lib/libcharset.1.dylib
0x00000001a4611000 	/System/Library/Frameworks/CoreServices.framework/Versions/A/Frameworks/FSEvents.framework/Versions/A/FSEvents
0x00000001a0168000 	/System/Library/Frameworks/CoreServices.framework/Versions/A/Frameworks/CarbonCore.framework/Versions/A/CarbonCore
0x00000001a3d35000 	/System/Library/Frameworks/CoreServices.framework/Versions/A/Frameworks/Metadata.framework/Versions/A/Metadata
0x00000001a7554000 	/System/Library/Frameworks/CoreServices.framework/Versions/A/Frameworks/OSServices.framework/Versions/A/OSServices
0x00000001a799c000 	/System/Library/Frameworks/CoreServices.framework/Versions/A/Frameworks/SearchKit.framework/Versions/A/SearchKit
0x00000001a3ad3000 	/System/Library/Frameworks/CoreServices.framework/Versions/A/Frameworks/AE.framework/Versions/A/AE
0x000000019e279000 	/System/Library/Frameworks/CoreServices.framework/Versions/A/Frameworks/LaunchServices.framework/Versions/A/LaunchServices
0x00000001a7f46000 	/System/Library/Frameworks/CoreServices.framework/Versions/A/Frameworks/DictionaryServices.framework/Versions/A/DictionaryServices
0x00000001a461e000 	/System/Library/Frameworks/CoreServices.framework/Versions/A/Frameworks/SharedFileList.framework/Versions/A/SharedFileList
0x00000001a6fef000 	/usr/lib/libCheckFix.dylib
0x00000001a25fa000 	/System/Library/PrivateFrameworks/TCC.framework/Versions/A/TCC
0x00000001a6638000 	/System/Library/PrivateFrameworks/CoreNLP.framework/Versions/A/CoreNLP
0x00000001a3ce9000 	/System/Library/PrivateFrameworks/MetadataUtilities.framework/Versions/A/MetadataUtilities
0x000000019e962000 	/usr/lib/libmecabra.dylib
0x00000001a72d5000 	/System/Library/Frameworks/MLCompute.framework/Versions/A/MLCompute
0x00000001a7027000 	/usr/lib/libmecab.dylib
0x00000001a706d000 	/usr/lib/libgermantok.dylib
0x00000001a7a0d000 	/usr/lib/libThaiTokenizer.dylib
0x00000001a80d5000 	/usr/lib/libChineseTokenizer.dylib
0x00000001a7a5e000 	/System/Library/Frameworks/MetalPerformanceShaders.framework/Versions/A/MetalPerformanceShaders
0x00000001a3dd6000 	/System/Library/Frameworks/Accelerate.framework/Versions/A/Frameworks/vImage.framework/Versions/A/vImage
0x00000001ad181000 	/System/Library/Frameworks/Accelerate.framework/Versions/A/Frameworks/vecLib.framework/Versions/A/vecLib
0x00000001a80e0000 	/System/Library/Frameworks/Accelerate.framework/Versions/A/Frameworks/vecLib.framework/Versions/A/libvMisc.dylib
0x00000001a6b8d000 	/System/Library/Frameworks/Accelerate.framework/Versions/A/Frameworks/vecLib.framework/Versions/A/libvDSP.dylib
0x000000019e58c000 	/System/Library/Frameworks/Accelerate.framework/Versions/A/Frameworks/vecLib.framework/Versions/A/libBLAS.dylib
0x00000001a7a89000 	/System/Library/Frameworks/Accelerate.framework/Versions/A/Frameworks/vecLib.framework/Versions/A/libLAPACK.dylib
0x00000001a7072000 	/System/Library/Frameworks/Accelerate.framework/Versions/A/Frameworks/vecLib.framework/Versions/A/libLinearAlgebra.dylib
0x00000001a7a4b000 	/System/Library/Frameworks/Accelerate.framework/Versions/A/Frameworks/vecLib.framework/Versions/A/libSparseBLAS.dylib
0x00000001a7a84000 	/System/Library/Frameworks/Accelerate.framework/Versions/A/Frameworks/vecLib.framework/Versions/A/libQuadrature.dylib
0x00000001a66ce000 	/System/Library/Frameworks/Accelerate.framework/Versions/A/Frameworks/vecLib.framework/Versions/A/libBNNS.dylib
0x000000019e842000 	/System/Library/Frameworks/Accelerate.framework/Versions/A/Frameworks/vecLib.framework/Versions/A/libSparse.dylib
0x00000001a65c1000 	/System/Library/Frameworks/MetalPerformanceShaders.framework/Versions/A/Frameworks/MPSCore.framework/Versions/A/MPSCore
0x00000001a74aa000 	/System/Library/Frameworks/MetalPerformanceShaders.framework/Versions/A/Frameworks/MPSImage.framework/Versions/A/MPSImage
0x00000001a7087000 	/System/Library/Frameworks/MetalPerformanceShaders.framework/Versions/A/Frameworks/MPSNeuralNetwork.framework/Versions/A/MPSNeuralNetwork
0x00000001a7428000 	/System/Library/Frameworks/MetalPerformanceShaders.framework/Versions/A/Frameworks/MPSMatrix.framework/Versions/A/MPSMatrix
0x00000001a728b000 	/System/Library/Frameworks/MetalPerformanceShaders.framework/Versions/A/Frameworks/MPSRayIntersector.framework/Versions/A/MPSRayIntersector
0x00000001a7457000 	/System/Library/Frameworks/MetalPerformanceShaders.framework/Versions/A/Frameworks/MPSNDArray.framework/Versions/A/MPSNDArray
0x000000019e4b2000 	/System/Library/PrivateFrameworks/MetalTools.framework/Versions/A/MetalTools
0x00000001a6630000 	/System/Library/PrivateFrameworks/AggregateDictionary.framework/Versions/A/AggregateDictionary
0x00000001a3cb3000 	/System/Library/PrivateFrameworks/CoreAnalytics.framework/Versions/A/CoreAnalytics
0x00000001a7a0f000 	/System/Library/PrivateFrameworks/AppleSauce.framework/Versions/A/AppleSauce
0x00000001a59cd000 	/System/Library/PrivateFrameworks/IOAccelerator.framework/Versions/A/IOAccelerator
0x00000001dfd37000 	/System/Library/Frameworks/OpenGL.framework/Versions/A/Libraries/libCoreFSCache.dylib
0x000000019ef1e000 	/System/Library/PrivateFrameworks/LanguageModeling.framework/Versions/A/LanguageModeling
0x00000001a6c3c000 	/System/Library/PrivateFrameworks/CoreEmoji.framework/Versions/A/CoreEmoji
0x00000001a66c6000 	/System/Library/PrivateFrameworks/LinguisticData.framework/Versions/A/LinguisticData
0x000000019e7f7000 	/System/Library/PrivateFrameworks/Lexicon.framework/Versions/A/Lexicon
0x00000001a7918000 	/usr/lib/libcmph.dylib
0x00000001a45f1000 	/System/Library/Frameworks/OpenDirectory.framework/Versions/A/Frameworks/CFOpenDirectory.framework/Versions/A/CFOpenDirectory
0x00000001a45e3000 	/System/Library/Frameworks/OpenDirectory.framework/Versions/A/OpenDirectory
0x00000001a7fb4000 	/System/Library/PrivateFrameworks/APFS.framework/Versions/A/APFS
0x00000001a6f58000 	/System/Library/Frameworks/SecurityFoundation.framework/Versions/A/SecurityFoundation
0x00000001a80a7000 	/usr/lib/libutil.dylib
0x00000001a0498000 	/System/Library/PrivateFrameworks/CoreServicesStore.framework/Versions/A/CoreServicesStore
0x00000001a6fe6000 	/System/Library/Frameworks/ServiceManagement.framework/Versions/A/ServiceManagement
0x00000001a80ab000 	/usr/lib/libxslt.1.dylib
0x00000001a6fdc000 	/System/Library/PrivateFrameworks/BackgroundTaskManagement.framework/Versions/A/BackgroundTaskManagement
0x00000001a8f91000 	/System/Library/Frameworks/ImageIO.framework/Versions/A/Resources/libRadiance.dylib
0x00000001a8f9a000 	/System/Library/Frameworks/ImageIO.framework/Versions/A/Resources/libJPEG.dylib
0x00000001a8ee9000 	/System/Library/Frameworks/ImageIO.framework/Versions/A/Resources/libPng.dylib
0x00000001a8f10000 	/System/Library/Frameworks/ImageIO.framework/Versions/A/Resources/libTIFF.dylib
0x00000001a8feb000 	/System/Library/Frameworks/ImageIO.framework/Versions/A/Resources/libGIF.dylib
0x00000001a8c66000 	/System/Library/Frameworks/ImageIO.framework/Versions/A/Resources/libJP2.dylib
0x00000001a83bd000 	/usr/lib/libexpat.1.dylib
0x00000001a8c22000 	/System/Library/PrivateFrameworks/AppleJPEG.framework/Versions/A/AppleJPEG
0x00000001a5bde000 	/System/Library/PrivateFrameworks/FontServices.framework/libFontParser.dylib
0x00000001a3a85000 	/System/Library/PrivateFrameworks/RunningBoardServices.framework/Versions/A/RunningBoardServices
0x00000001b2172000 	/System/Library/PrivateFrameworks/IOSurfaceAccelerator.framework/Versions/A/IOSurfaceAccelerator
0x00000001a8d48000 	/System/Library/PrivateFrameworks/WatchdogClient.framework/Versions/A/WatchdogClient
0x000000019f00e000 	/System/Library/Frameworks/CoreDisplay.framework/Versions/A/CoreDisplay
0x00000001a5ae6000 	/System/Library/Frameworks/CoreMedia.framework/Versions/A/CoreMedia
0x00000001a4775000 	/System/Library/Frameworks/CoreVideo.framework/Versions/A/CoreVideo
0x00000001a8d85000 	/System/Library/Frameworks/VideoToolbox.framework/Versions/A/VideoToolbox
0x00000001a3a02000 	/System/Library/PrivateFrameworks/BaseBoard.framework/Versions/A/BaseBoard
0x00000001a84fa000 	/System/Library/PrivateFrameworks/PersistentConnection.framework/Versions/A/PersistentConnection
0x00000001a37c1000 	/System/Library/PrivateFrameworks/ProtocolBuffer.framework/Versions/A/ProtocolBuffer
0x00000001a39eb000 	/System/Library/PrivateFrameworks/CommonUtilities.framework/Versions/A/CommonUtilities
0x00000001a8be7000 	/System/Library/PrivateFrameworks/Bom.framework/Versions/A/Bom
0x00000001a8f8c000 	/System/Library/PrivateFrameworks/GPUWrangler.framework/Versions/A/GPUWrangler
0x00000001a8f6d000 	/System/Library/PrivateFrameworks/IOPresentment.framework/Versions/A/IOPresentment
0x00000001a8f94000 	/System/Library/PrivateFrameworks/DSExternalDisplay.framework/Versions/A/DSExternalDisplay
0x00000001a8ff0000 	/System/Library/PrivateFrameworks/CMCaptureCore.framework/Versions/A/CMCaptureCore
0x00000001a8982000 	/System/Library/PrivateFrameworks/AppServerSupport.framework/Versions/A/AppServerSupport
0x00000001aa9ba000 	/System/Library/PrivateFrameworks/perfdata.framework/Versions/A/perfdata
0x00000001a6f48000 	/System/Library/PrivateFrameworks/AssertionServices.framework/Versions/A/AssertionServices
0x000000019f131000 	/System/Library/PrivateFrameworks/AudioToolboxCore.framework/Versions/A/AudioToolboxCore
0x00000001a5ac6000 	/System/Library/PrivateFrameworks/caulk.framework/Versions/A/caulk
0x00000001b9788000 	/System/Library/PrivateFrameworks/SystemPolicy.framework/Versions/A/SystemPolicy
0x00000001a81e2000 	/usr/lib/libIOReport.dylib
0x00000001aa256000 	/usr/lib/libSMC.dylib
0x00000001a8eb6000 	/usr/lib/libAudioToolboxUtility.dylib
0x00000001ba10d000 	/usr/lib/libmis.dylib
0x00000001dfd99000 	/System/Library/Frameworks/OpenGL.framework/Versions/A/Libraries/libGLU.dylib
0x00000001dfd57000 	/System/Library/Frameworks/OpenGL.framework/Versions/A/Libraries/libGFXShared.dylib
0x00000001dff3f000 	/System/Library/Frameworks/OpenGL.framework/Versions/A/Libraries/libGL.dylib
0x00000001dfd60000 	/System/Library/Frameworks/OpenGL.framework/Versions/A/Libraries/libGLImage.dylib
0x00000001dfd54000 	/System/Library/Frameworks/OpenGL.framework/Versions/A/Libraries/libCVMSPluginSupport.dylib
0x00000001dfd3e000 	/System/Library/Frameworks/OpenGL.framework/Versions/A/Libraries/libCoreVMClient.dylib
0x00000001b0cb6000 	/System/Library/PrivateFrameworks/ASEProcessing.framework/Versions/A/ASEProcessing
0x00000001a8521000 	/System/Library/PrivateFrameworks/GraphVisualizer.framework/Versions/A/GraphVisualizer
0x00000001a852f000 	/System/Library/PrivateFrameworks/FaceCore.framework/Versions/A/FaceCore
0x00000001a8942000 	/System/Library/PrivateFrameworks/OTSVG.framework/Versions/A/OTSVG
0x00000001a439e000 	/System/Library/Frameworks/ApplicationServices.framework/Versions/A/Frameworks/ATS.framework/Versions/A/Resources/libFontRegistry.dylib
0x00000001a898a000 	/System/Library/PrivateFrameworks/FontServices.framework/libhvf.dylib
0x00000001e00da000 	/System/Library/Frameworks/OpenCL.framework/Versions/A/OpenCL
0x00000001a8371000 	/System/Library/PrivateFrameworks/AppleVA.framework/Versions/A/AppleVA
0x00000001aa0a2000 	/System/Library/Frameworks/ApplicationServices.framework/Versions/A/Frameworks/ATS.framework/Versions/A/ATS
0x00000001aa3b5000 	/System/Library/Frameworks/ApplicationServices.framework/Versions/A/Frameworks/ColorSyncLegacy.framework/Versions/A/ColorSyncLegacy
0x00000001a3063000 	/System/Library/Frameworks/ApplicationServices.framework/Versions/A/Frameworks/HIServices.framework/Versions/A/HIServices
0x00000001aa394000 	/System/Library/Frameworks/ApplicationServices.framework/Versions/A/Frameworks/LangAnalysis.framework/Versions/A/LangAnalysis
0x00000001a8ffa000 	/System/Library/Frameworks/ApplicationServices.framework/Versions/A/Frameworks/PrintCore.framework/Versions/A/PrintCore
0x00000001aa3bd000 	/System/Library/Frameworks/ApplicationServices.framework/Versions/A/Frameworks/QD.framework/Versions/A/QD
0x00000001aa08e000 	/System/Library/Frameworks/ApplicationServices.framework/Versions/A/Frameworks/SpeechSynthesis.framework/Versions/A/SpeechSynthesis
0x00000001a8fbb000 	/System/Library/Frameworks/ApplicationServices.framework/Versions/A/Frameworks/ATSUI.framework/Versions/A/ATSUI
0x00000001aa336000 	/usr/lib/libcups.2.dylib
0x00000001aa3a8000 	/System/Library/PrivateFrameworks/NetAuth.framework/Versions/A/NetAuth
0x00000001aa9d4000 	/System/Library/Frameworks/Kerberos.framework/Versions/A/Kerberos
0x00000001aa9e5000 	/System/Library/Frameworks/GSS.framework/Versions/A/GSS
0x00000001aa111000 	/usr/lib/libresolv.9.dylib
0x00000001a89a0000 	/System/Library/PrivateFrameworks/Heimdal.framework/Versions/A/Heimdal
0x00000001b02a1000 	/System/Library/Frameworks/Kerberos.framework/Versions/A/Libraries/libHeimdalProxy.dylib
0x00000001a3b57000 	/System/Library/Frameworks/Network.framework/Versions/A/Network
0x00000001a83d7000 	/usr/lib/libheimdal-asn1.dylib
0x00000001aaa2d000 	/System/Library/PrivateFrameworks/CommonAuth.framework/Versions/A/CommonAuth
0x00000001a47c9000 	/System/Library/PrivateFrameworks/login.framework/Versions/A/Frameworks/loginsupport.framework/Versions/A/loginsupport
0x00000001aa013000 	/System/Library/PrivateFrameworks/AudioSession.framework/Versions/A/AudioSession
0x00000001aa07b000 	/usr/lib/libAudioStatistics.dylib
0x00000001a8457000 	/System/Library/PrivateFrameworks/MediaExperience.framework/Versions/A/MediaExperience
0x00000001a9eb4000 	/System/Library/PrivateFrameworks/AudioSession.framework/libSessionUtility.dylib
0x00000001aa9c6000 	/usr/lib/libperfcheck.dylib
0x00000001aa3c9000 	/System/Library/PrivateFrameworks/AudioResourceArbitration.framework/Versions/A/AudioResourceArbitration
0x00000001a83e0000 	/System/Library/PrivateFrameworks/IconFoundation.framework/Versions/A/IconFoundation
0x00000001ace68000 	/System/Library/PrivateFrameworks/SpeechRecognitionCore.framework/Versions/A/SpeechRecognitionCore
0x0000000107800000 	/Library/Java/JavaVirtualMachines/zulu-16.jdk/Contents/Home/lib/server/libjvm.dylib
0x0000000102cb8000 	/Library/Java/JavaVirtualMachines/zulu-16.jdk/Contents/Home/lib/libjimage.dylib
0x0000000102d1c000 	/Library/Java/JavaVirtualMachines/zulu-16.jdk/Contents/Home/lib/libjava.dylib
0x0000000102fac000 	/Library/Java/JavaVirtualMachines/zulu-16.jdk/Contents/Home/lib/libnio.dylib
0x0000000102fcc000 	/Library/Java/JavaVirtualMachines/zulu-16.jdk/Contents/Home/lib/libnet.dylib
0x0000000103600000 	/Library/Java/JavaVirtualMachines/zulu-16.jdk/Contents/Home/lib/libzip.dylib
0x0000000103618000 	/Library/Java/JavaVirtualMachines/zulu-16.jdk/Contents/Home/lib/libverify.dylib


VM Arguments:
jvm_args: -Xmx64m -Xms64m -Dorg.gradle.appname=gradlew 
java_command: org.gradle.wrapper.GradleWrapperMain app:installDebug -PreactNativeDevServerPort=8081
java_class_path (initial): /Users/cosme/Reciply/android/gradle/wrapper/gradle-wrapper.jar
Launcher Type: SUN_STANDARD

[Global flags]
     intx CICompilerCount                          = 4                                         {product} {ergonomic}
     uint ConcGCThreads                            = 2                                         {product} {ergonomic}
     uint G1ConcRefinementThreads                  = 8                                         {product} {ergonomic}
   size_t G1HeapRegionSize                         = 1048576                                   {product} {ergonomic}
    uintx GCDrainStackTargetSize                   = 64                                        {product} {ergonomic}
   size_t InitialHeapSize                          = 67108864                                  {product} {command line}
   size_t MarkStackSize                            = 4194304                                   {product} {ergonomic}
   size_t MaxHeapSize                              = 67108864                                  {product} {command line}
   size_t MaxNewSize                               = 39845888                                  {product} {ergonomic}
   size_t MinHeapDeltaBytes                        = 1048576                                   {product} {ergonomic}
   size_t MinHeapSize                              = 67108864                                  {product} {command line}
    uintx NonNMethodCodeHeapSize                   = 5839564                                {pd product} {ergonomic}
    uintx NonProfiledCodeHeapSize                  = 122909338                              {pd product} {ergonomic}
    uintx ProfiledCodeHeapSize                     = 122909338                              {pd product} {ergonomic}
    uintx ReservedCodeCacheSize                    = 251658240                              {pd product} {ergonomic}
     bool SegmentedCodeCache                       = true                                      {product} {ergonomic}
   size_t SoftMaxHeapSize                          = 67108864                               {manageable} {ergonomic}
     bool UseCompressedClassPointers               = true                           {product lp64_product} {ergonomic}
     bool UseCompressedOops                        = true                           {product lp64_product} {ergonomic}
     bool UseG1GC                                  = true                                      {product} {ergonomic}
     bool UseNUMA                                  = false                                     {product} {ergonomic}
     bool UseNUMAInterleaving                      = false                                     {product} {ergonomic}

Logging:
Log output configuration:
 #0: stdout all=warning uptime,level,tags
 #1: stderr all=off uptime,level,tags

Environment Variables:
PATH=/Users/cosme/Reciply/android/node_modules/.bin:/Users/cosme/Reciply/node_modules/.bin:/Users/cosme/node_modules/.bin:/Users/node_modules/.bin:/node_modules/.bin:/usr/local/Cellar/node/16.4.1/bin:/Users/cosme/Reciply/node_modules/.bin:/Users/cosme/node_modules/.bin:/Users/node_modules/.bin:/node_modules/.bin:/usr/local/lib/node_modules/npm/node_modules/@npmcli/run-script/lib/node-gyp-bin:/Users/cosme/Reciply/node_modules/.bin:/Library/Frameworks/Python.framework/Versions/3.9/bin:/usr/local/bin:/usr/bin:/bin:/usr/sbin:/sbin:/Library/Apple/usr/bin:/Users/cosme/Library/Android/sdk/emulator:/Users/cosme/Library/Android/sdk/tools:/Users/cosme/Library/Android/sdk/tools/bin:/Users/cosme/Library/Android/sdk/platform-tools
SHELL=/bin/zsh
LC_CTYPE=UTF-8

Signal Handlers:
SIGSEGV: [libjvm.dylib+0x9ace24], sa_mask[0]=11100110000111110111111111111111, sa_flags=SA_ONSTACK|SA_RESTART|SA_SIGINFO
SIGBUS: [libjvm.dylib+0x9ace24], sa_mask[0]=11100110000111110111111111111111, sa_flags=SA_RESTART|SA_SIGINFO
SIGFPE: [libjvm.dylib+0x9ace24], sa_mask[0]=11100110000111110111111111111111, sa_flags=SA_RESTART|SA_SIGINFO
SIGPIPE: [libjvm.dylib+0x896640], sa_mask[0]=11100110000111110111111111111111, sa_flags=SA_RESTART|SA_SIGINFO
SIGXFSZ: [libjvm.dylib+0x896640], sa_mask[0]=11100110000111110111111111111111, sa_flags=SA_RESTART|SA_SIGINFO
SIGILL: [libjvm.dylib+0x9ace24], sa_mask[0]=11100110000111110111111111111111, sa_flags=SA_RESTART|SA_SIGINFO
SIGUSR2: [libjvm.dylib+0x897078], sa_mask[0]=00000000000000000000000000000000, sa_flags=SA_RESTART|SA_SIGINFO
SIGHUP: [libjvm.dylib+0x8956f0], sa_mask[0]=11100110000111110111111111111111, sa_flags=SA_RESTART|SA_SIGINFO
SIGINT: [libjvm.dylib+0x8956f0], sa_mask[0]=11100110000111110111111111111111, sa_flags=SA_RESTART|SA_SIGINFO
SIGTERM: [libjvm.dylib+0x8956f0], sa_mask[0]=11100110000111110111111111111111, sa_flags=SA_RESTART|SA_SIGINFO
SIGQUIT: [libjvm.dylib+0x8956f0], sa_mask[0]=11100110000111110111111111111111, sa_flags=SA_RESTART|SA_SIGINFO
SIGTRAP: [libjvm.dylib+0x9ace24], sa_mask[0]=11100110000111110111111111111111, sa_flags=SA_RESTART|SA_SIGINFO


---------------  S Y S T E M  ---------------

OS:uname: Darwin 20.5.0 Darwin Kernel Version 20.5.0: Sat May  8 05:10:31 PDT 2021; root:xnu-7195.121.3~9/RELEASE_ARM64_T8101 arm64
OS uptime: 40 days 1:15 hours
rlimit (soft/hard): STACK 8176k/65520k , CORE 0k/infinity , NPROC 2666/4000 , NOFILE 10240/infinity , AS infinity/infinity , CPU infinity/infinity , DATA infinity/infinity , FSIZE infinity/infinity , MEMLOCK infinity/infinity , RSS infinity/infinity
load average: 1.26 5.18 4.75

CPU: total 8 (initial active 8) 0x61:0x0:0x1b588bb3:0, simd, crc, lse

Memory: 16k page, physical 16777216k(270656k free), swap 1048576k(964608k free)

vm_info: OpenJDK 64-Bit Server VM (16+36) for bsd-aarch64 JRE (16+36) (Zulu16.28+11-CA), built on Mar  9 2021 03:14:09 by "zulu_re" with clang Apple LLVM 12.0.0 (clang-1200.0.32.28)

END.
