#
# A fatal error has been detected by the Java Runtime Environment:
#
#  Internal Error (sharedRuntime.cpp:532), pid=79003, tid=6403
#  Error: ShouldNotReachHere()
#
# JRE version: OpenJDK Runtime Environment Zulu16.28+11-CA (16.0+36) (build 16+36)
# Java VM: OpenJDK 64-Bit Server VM Zulu16.28+11-CA (16+36, mixed mode, tiered, compressed oops, g1 gc, bsd-aarch64)
# No core dump will be written. Core dumps have been disabled. To enable core dumping, try "ulimit -c unlimited" before starting Java again
#
# If you would like to submit a bug report, please visit:
#   http://www.azulsystems.com/support/
#

---------------  S U M M A R Y ------------

Command Line: -Xmx64m -Xms64m -Dorg.gradle.appname=gradlew org.gradle.wrapper.GradleWrapperMain app:installDebug -PreactNativeDevServerPort=8081

Host: MacBookPro17,1 arm64 1 MHz, 8 cores, 16G, Darwin 20.5.0, macOS 11.4 (20F71)
Time: Tue Jul  6 13:29:50 2021 CEST elapsed time: 19.732913 seconds (0d 0h 0m 19s)

---------------  T H R E A D  ---------------

Current thread (0x000000014d80dc00):  JavaThread "main" [_thread_in_Java, id=6403, stack(0x000000016fcfc000,0x000000016feff000)]

Stack: [0x000000016fcfc000,0x000000016feff000],  sp=0x000000016fefc860,  free space=2050k
Native frames: (J=compiled Java code, A=aot compiled Java code, j=interpreted, Vv=VM code, C=native code)
V  [libjvm.dylib+0x9abf04]  VMError::report_and_die(int, char const*, char const*, char*, Thread*, unsigned char*, void*, void*, char const*, int, unsigned long)+0x46c
V  [libjvm.dylib+0x9ac658]  VMError::report_and_die(Thread*, void*, char const*, int, char const*, char const*, char*)+0x40
V  [libjvm.dylib+0x2a9dd0]  report_vm_error(char const*, int, char const*, char const*, ...)+0x5c
V  [libjvm.dylib+0x2a9fa4]  report_should_not_reach_here(char const*, int)+0x2c
V  [libjvm.dylib+0x81388c]  SharedRuntime::raw_exception_handler_for_return_address(JavaThread*, unsigned char*)+0x178
V  [libjvm.dylib+0x813930]  SharedRuntime::exception_handler_for_return_address(JavaThread*, unsigned char*)+0x28
v  ~StubRoutines::forward exception
j  org.slf4j.MarkerFactory.<clinit>()V+0
v  ~StubRoutines::call_stub
V  [libjvm.dylib+0x43f718]  JavaCalls::call_helper(JavaValue*, methodHandle const&, JavaCallArguments*, Thread*)+0x30c
V  [libjvm.dylib+0x4210c0]  InstanceKlass::call_class_initializer(Thread*)+0x1e8
V  [libjvm.dylib+0x4207ec]  InstanceKlass::initialize_impl(Thread*)+0x57c
V  [libjvm.dylib+0x657ef4]  LinkResolver::resolve_static_call(CallInfo&, LinkInfo const&, bool, Thread*)+0x78
V  [libjvm.dylib+0x659ecc]  LinkResolver::resolve_invoke(CallInfo&, Handle, constantPoolHandle const&, int, Bytecodes::Code, Thread*)+0xac
V  [libjvm.dylib+0x438a34]  InterpreterRuntime::resolve_invoke(JavaThread*, Bytecodes::Code)+0x29c
V  [libjvm.dylib+0x439030]  InterpreterRuntime::resolve_from_cache(JavaThread*, Bytecodes::Code)+0x7c
j  org.gradle.api.logging.Logging.<clinit>()V+2
v  ~StubRoutines::call_stub
V  [libjvm.dylib+0x43f718]  JavaCalls::call_helper(JavaValue*, methodHandle const&, JavaCallArguments*, Thread*)+0x30c
V  [libjvm.dylib+0x4210c0]  InstanceKlass::call_class_initializer(Thread*)+0x1e8
V  [libjvm.dylib+0x4207ec]  InstanceKlass::initialize_impl(Thread*)+0x57c
V  [libjvm.dylib+0x657ef4]  LinkResolver::resolve_static_call(CallInfo&, LinkInfo const&, bool, Thread*)+0x78
V  [libjvm.dylib+0x659ecc]  LinkResolver::resolve_invoke(CallInfo&, Handle, constantPoolHandle const&, int, Bytecodes::Code, Thread*)+0xac
V  [libjvm.dylib+0x438a34]  InterpreterRuntime::resolve_invoke(JavaThread*, Bytecodes::Code)+0x29c
V  [libjvm.dylib+0x439030]  InterpreterRuntime::resolve_from_cache(JavaThread*, Bytecodes::Code)+0x7c
j  org.gradle.launcher.cli.DebugLoggerWarningAction.<init>(Lorg/gradle/api/logging/configuration/LoggingConfiguration;Lorg/gradle/api/Action;)V+3
j  org.gradle.launcher.cli.DefaultCommandLineActionFactory$WithLogging.execute(Lorg/gradle/launcher/bootstrap/ExecutionListener;)V+240
j  org.gradle.launcher.Main.doAction([Ljava/lang/String;Lorg/gradle/launcher/bootstrap/ExecutionListener;)V+14
j  org.gradle.launcher.bootstrap.EntryPoint.run([Ljava/lang/String;)V+12
v  ~StubRoutines::call_stub
V  [libjvm.dylib+0x43f718]  JavaCalls::call_helper(JavaValue*, methodHandle const&, JavaCallArguments*, Thread*)+0x30c
V  [libjvm.dylib+0x7f1128]  invoke(InstanceKlass*, methodHandle const&, Handle, bool, objArrayHandle, BasicType, objArrayHandle, bool, Thread*)+0x914
V  [libjvm.dylib+0x7f079c]  Reflection::invoke_method(oopDesc*, Handle, objArrayHandle, Thread*)+0x150
V  [libjvm.dylib+0x4f3b34]  JVM_InvokeMethod+0x358
j  jdk.internal.reflect.NativeMethodAccessorImpl.invoke0(Ljava/lang/reflect/Method;Ljava/lang/Object;[Ljava/lang/Object;)Ljava/lang/Object;+0 java.base@16
j  jdk.internal.reflect.NativeMethodAccessorImpl.invoke(Ljava/lang/Object;[Ljava/lang/Object;)Ljava/lang/Object;+146 java.base@16
j  jdk.internal.reflect.DelegatingMethodAccessorImpl.invoke(Ljava/lang/Object;[Ljava/lang/Object;)Ljava/lang/Object;+6 java.base@16
j  java.lang.reflect.Method.invoke(Ljava/lang/Object;[Ljava/lang/Object;)Ljava/lang/Object;+59 java.base@16
j  org.gradle.launcher.bootstrap.ProcessBootstrap.runNoExit(Ljava/lang/String;[Ljava/lang/String;)V+161
j  org.gradle.launcher.bootstrap.ProcessBootstrap.run(Ljava/lang/String;[Ljava/lang/String;)V+3
j  org.gradle.launcher.GradleMain.main([Ljava/lang/String;)V+36
v  ~StubRoutines::call_stub
V  [libjvm.dylib+0x43f718]  JavaCalls::call_helper(JavaValue*, methodHandle const&, JavaCallArguments*, Thread*)+0x30c
V  [libjvm.dylib+0x7f1128]  invoke(InstanceKlass*, methodHandle const&, Handle, bool, objArrayHandle, BasicType, objArrayHandle, bool, Thread*)+0x914
V  [libjvm.dylib+0x7f079c]  Reflection::invoke_method(oopDesc*, Handle, objArrayHandle, Thread*)+0x150
V  [libjvm.dylib+0x4f3b34]  JVM_InvokeMethod+0x358
j  jdk.internal.reflect.NativeMethodAccessorImpl.invoke0(Ljava/lang/reflect/Method;Ljava/lang/Object;[Ljava/lang/Object;)Ljava/lang/Object;+0 java.base@16
j  jdk.internal.reflect.NativeMethodAccessorImpl.invoke(Ljava/lang/Object;[Ljava/lang/Object;)Ljava/lang/Object;+146 java.base@16
j  jdk.internal.reflect.DelegatingMethodAccessorImpl.invoke(Ljava/lang/Object;[Ljava/lang/Object;)Ljava/lang/Object;+6 java.base@16
j  java.lang.reflect.Method.invoke(Ljava/lang/Object;[Ljava/lang/Object;)Ljava/lang/Object;+59 java.base@16
j  org.gradle.wrapper.BootstrapMainStarter.start([Ljava/lang/String;Ljava/io/File;)V+105
j  org.gradle.wrapper.WrapperExecutor.execute([Ljava/lang/String;Lorg/gradle/wrapper/Install;Lorg/gradle/wrapper/BootstrapMainStarter;)V+14
j  org.gradle.wrapper.GradleWrapperMain.main([Ljava/lang/String;)V+187
v  ~StubRoutines::call_stub
V  [libjvm.dylib+0x43f718]  JavaCalls::call_helper(JavaValue*, methodHandle const&, JavaCallArguments*, Thread*)+0x30c
V  [libjvm.dylib+0x4a115c]  jni_invoke_static(JNIEnv_*, JavaValue*, _jobject*, JNICallType, _jmethodID*, JNI_ArgumentPusher*, Thread*)+0x120
V  [libjvm.dylib+0x4a4570]  jni_CallStaticVoidMethod+0x120
C  [libjli.dylib+0x5430]  JavaMain+0x9d4
C  [libjli.dylib+0x778c]  ThreadJavaMain+0xc
C  [libsystem_pthread.dylib+0x7878]  _pthread_start+0x140


---------------  P R O C E S S  ---------------

Threads class SMR info:
_java_thread_list=0x000000012e8c14f0, length=13, elements={
0x000000014d80dc00, 0x000000014d840400, 0x000000014d80d400, 0x000000014e015000,
0x000000014e008800, 0x000000014e008e00, 0x000000014d843e00, 0x000000014d842200,
0x000000014d848800, 0x000000014d84e000, 0x000000014d848e00, 0x000000014f05b600,
0x000000014d9b2600
}

Java Threads: ( => current thread )
=>0x000000014d80dc00 JavaThread "main" [_thread_in_Java, id=6403, stack(0x000000016fcfc000,0x000000016feff000)]
  0x000000014d840400 JavaThread "Reference Handler" daemon [_thread_blocked, id=18179, stack(0x0000000170b50000,0x0000000170d53000)]
  0x000000014d80d400 JavaThread "Finalizer" daemon [_thread_blocked, id=17667, stack(0x0000000170d5c000,0x0000000170f5f000)]
  0x000000014e015000 JavaThread "Signal Dispatcher" daemon [_thread_blocked, id=42499, stack(0x0000000171080000,0x0000000171283000)]
  0x000000014e008800 JavaThread "Service Thread" daemon [_thread_blocked, id=41987, stack(0x000000017128c000,0x000000017148f000)]
  0x000000014e008e00 JavaThread "Monitor Deflation Thread" daemon [_thread_blocked, id=41475, stack(0x0000000171498000,0x000000017169b000)]
  0x000000014d843e00 JavaThread "C2 CompilerThread0" daemon [_thread_blocked, id=22275, stack(0x00000001716a4000,0x00000001718a7000)]
  0x000000014d842200 JavaThread "C1 CompilerThread0" daemon [_thread_blocked, id=22531, stack(0x00000001718b0000,0x0000000171ab3000)]
  0x000000014d848800 JavaThread "Sweeper thread" daemon [_thread_blocked, id=40707, stack(0x0000000171abc000,0x0000000171cbf000)]
  0x000000014d84e000 JavaThread "Notification Thread" daemon [_thread_blocked, id=40451, stack(0x0000000171cc8000,0x0000000171ecb000)]
  0x000000014d848e00 JavaThread "Common-Cleaner" daemon [_thread_blocked, id=39683, stack(0x00000001720e0000,0x00000001722e3000)]
  0x000000014f05b600 JavaThread "Keep-Alive-Timer" daemon [_thread_blocked, id=43275, stack(0x0000000173140000,0x0000000173343000)]
  0x000000014d9b2600 JavaThread "process reaper" daemon [_thread_blocked, id=26123, stack(0x0000000170ff4000,0x000000017102b000)]

Other Threads:
  0x000000014d744520 VMThread "VM Thread" [stack: 0x0000000170944000,0x0000000170b47000] [id=15363]
  0x000000014d620660 WatcherThread [stack: 0x0000000171ed4000,0x00000001720d7000] [id=23299]
  0x000000014e9092c0 GCTaskThread "GC Thread#0" [stack: 0x000000016ff08000,0x000000017010b000] [id=12803]
  0x000000012e8b1140 GCTaskThread "GC Thread#1" [stack: 0x00000001722ec000,0x00000001724ef000] [id=23815]
  0x000000014d665710 GCTaskThread "GC Thread#2" [stack: 0x00000001724f8000,0x00000001726fb000] [id=24071]
  0x000000014d665e20 GCTaskThread "GC Thread#3" [stack: 0x0000000172704000,0x0000000172907000] [id=24331]
  0x000000012e8b87f0 GCTaskThread "GC Thread#4" [stack: 0x0000000172910000,0x0000000172b13000] [id=38915]
  0x000000012e8b8da0 GCTaskThread "GC Thread#5" [stack: 0x0000000172b1c000,0x0000000172d1f000] [id=38659]
  0x000000012e8b9630 GCTaskThread "GC Thread#6" [stack: 0x0000000172d28000,0x0000000172f2b000] [id=25091]
  0x000000014d6665f0 GCTaskThread "GC Thread#7" [stack: 0x0000000172f34000,0x0000000173137000] [id=38147]
  0x000000014e90a610 ConcurrentGCThread "G1 Main Marker" [stack: 0x0000000170114000,0x0000000170317000] [id=13315]
  0x000000014e90b510 ConcurrentGCThread "G1 Conc#0" [stack: 0x0000000170320000,0x0000000170523000] [id=19459]
  0x000000014e91a8e0 ConcurrentGCThread "G1 Refine#0" [stack: 0x000000017052c000,0x000000017072f000] [id=14083]
  0x000000014e91b7a0 ConcurrentGCThread "G1 Service" [stack: 0x0000000170738000,0x000000017093b000] [id=14339]

Threads with active compile tasks:

VM state: not at safepoint (normal execution)

VM Mutex/Monitor currently owned by a thread: None

Heap address: 0x00000007bc000000, size: 64 MB, Compressed Oops mode: Zero based, Oop shift amount: 3
Compressed class space mapped at: 0x0000000300000000-0x0000000340000000, reserved size: 1073741824
Narrow klass base: 0x0000000000000000, Narrow klass shift: 3, Narrow klass range: 0x340000000

GC Precious Log:
 CPUs: 8 total, 8 available
 Memory: 16384M
 Large Page Support: Disabled
 NUMA Support: Disabled
 Compressed Oops: Enabled (Zero based)
 Heap Region Size: 1M
 Heap Min Capacity: 64M
 Heap Initial Capacity: 64M
 Heap Max Capacity: 64M
 Pre-touch: Disabled
 Parallel Workers: 8
 Concurrent Workers: 2
 Concurrent Refinement Workers: 8
 Periodic GC: Disabled

Heap:
 garbage-first heap   total 65536K, used 22480K [0x00000007bc000000, 0x00000007c0000000)
  region size 1024K, 15 young (15360K), 1 survivors (1024K)
 Metaspace       used 18702K, committed 18944K, reserved 1073152K
  class space    used 1917K, committed 2048K, reserved 1048576K

Heap Regions: E=young(eden), S=young(survivor), O=old, HS=humongous(starts), HC=humongous(continues), CS=collection set, F=free, OA=open archive, CA=closed archive, TAMS=top-at-mark-start (previous, next)
|   0|0x00000007bc000000, 0x00000007bc100000, 0x00000007bc100000|100%| O|  |TAMS 0x00000007bc000000, 0x00000007bc000000| Untracked 
|   1|0x00000007bc100000, 0x00000007bc100000, 0x00000007bc200000|  0%| F|  |TAMS 0x00000007bc100000, 0x00000007bc100000| Untracked 
|   2|0x00000007bc200000, 0x00000007bc200000, 0x00000007bc300000|  0%| F|  |TAMS 0x00000007bc200000, 0x00000007bc200000| Untracked 
|   3|0x00000007bc300000, 0x00000007bc400000, 0x00000007bc400000|100%| O|  |TAMS 0x00000007bc300000, 0x00000007bc300000| Untracked 
|   4|0x00000007bc400000, 0x00000007bc500000, 0x00000007bc500000|100%| O|  |TAMS 0x00000007bc400000, 0x00000007bc400000| Untracked 
|   5|0x00000007bc500000, 0x00000007bc5dea00, 0x00000007bc600000| 86%| O|  |TAMS 0x00000007bc500000, 0x00000007bc500000| Untracked 
|   6|0x00000007bc600000, 0x00000007bc700000, 0x00000007bc700000|100%|HS|  |TAMS 0x00000007bc600000, 0x00000007bc600000| Complete 
|   7|0x00000007bc700000, 0x00000007bc800000, 0x00000007bc800000|100%|HC|  |TAMS 0x00000007bc700000, 0x00000007bc700000| Complete 
|   8|0x00000007bc800000, 0x00000007bc900000, 0x00000007bc900000|100%|HC|  |TAMS 0x00000007bc800000, 0x00000007bc800000| Complete 
|   9|0x00000007bc900000, 0x00000007bca00000, 0x00000007bca00000|100%|HS|  |TAMS 0x00000007bc900000, 0x00000007bc900000| Complete 
|  10|0x00000007bca00000, 0x00000007bcb00000, 0x00000007bcb00000|100%|HC|  |TAMS 0x00000007bca00000, 0x00000007bca00000| Complete 
|  11|0x00000007bcb00000, 0x00000007bcc00000, 0x00000007bcc00000|100%|HC|  |TAMS 0x00000007bcb00000, 0x00000007bcb00000| Complete 
|  12|0x00000007bcc00000, 0x00000007bcc00000, 0x00000007bcd00000|  0%| F|  |TAMS 0x00000007bcc00000, 0x00000007bcc00000| Untracked 
|  13|0x00000007bcd00000, 0x00000007bcd00000, 0x00000007bce00000|  0%| F|  |TAMS 0x00000007bcd00000, 0x00000007bcd00000| Untracked 
|  14|0x00000007bce00000, 0x00000007bce00000, 0x00000007bcf00000|  0%| F|  |TAMS 0x00000007bce00000, 0x00000007bce00000| Untracked 
|  15|0x00000007bcf00000, 0x00000007bcf00000, 0x00000007bd000000|  0%| F|  |TAMS 0x00000007bcf00000, 0x00000007bcf00000| Untracked 
|  16|0x00000007bd000000, 0x00000007bd000000, 0x00000007bd100000|  0%| F|  |TAMS 0x00000007bd000000, 0x00000007bd000000| Untracked 
|  17|0x00000007bd100000, 0x00000007bd100000, 0x00000007bd200000|  0%| F|  |TAMS 0x00000007bd100000, 0x00000007bd100000| Untracked 
|  18|0x00000007bd200000, 0x00000007bd200000, 0x00000007bd300000|  0%| F|  |TAMS 0x00000007bd200000, 0x00000007bd200000| Untracked 
|  19|0x00000007bd300000, 0x00000007bd300000, 0x00000007bd400000|  0%| F|  |TAMS 0x00000007bd300000, 0x00000007bd300000| Untracked 
|  20|0x00000007bd400000, 0x00000007bd400000, 0x00000007bd500000|  0%| F|  |TAMS 0x00000007bd400000, 0x00000007bd400000| Untracked 
|  21|0x00000007bd500000, 0x00000007bd500000, 0x00000007bd600000|  0%| F|  |TAMS 0x00000007bd500000, 0x00000007bd500000| Untracked 
|  22|0x00000007bd600000, 0x00000007bd600000, 0x00000007bd700000|  0%| F|  |TAMS 0x00000007bd600000, 0x00000007bd600000| Untracked 
|  23|0x00000007bd700000, 0x00000007bd700000, 0x00000007bd800000|  0%| F|  |TAMS 0x00000007bd700000, 0x00000007bd700000| Untracked 
|  24|0x00000007bd800000, 0x00000007bd800000, 0x00000007bd900000|  0%| F|  |TAMS 0x00000007bd800000, 0x00000007bd800000| Untracked 
|  25|0x00000007bd900000, 0x00000007bd915908, 0x00000007bda00000|  8%| S|CS|TAMS 0x00000007bd900000, 0x00000007bd900000| Complete 
|  26|0x00000007bda00000, 0x00000007bda00000, 0x00000007bdb00000|  0%| F|  |TAMS 0x00000007bda00000, 0x00000007bda00000| Untracked 
|  27|0x00000007bdb00000, 0x00000007bdb00000, 0x00000007bdc00000|  0%| F|  |TAMS 0x00000007bdb00000, 0x00000007bdb00000| Untracked 
|  28|0x00000007bdc00000, 0x00000007bdc00000, 0x00000007bdd00000|  0%| F|  |TAMS 0x00000007bdc00000, 0x00000007bdc00000| Untracked 
|  29|0x00000007bdd00000, 0x00000007bdd00000, 0x00000007bde00000|  0%| F|  |TAMS 0x00000007bdd00000, 0x00000007bdd00000| Untracked 
|  30|0x00000007bde00000, 0x00000007bde00000, 0x00000007bdf00000|  0%| F|  |TAMS 0x00000007bde00000, 0x00000007bde00000| Untracked 
|  31|0x00000007bdf00000, 0x00000007bdf00000, 0x00000007be000000|  0%| F|  |TAMS 0x00000007bdf00000, 0x00000007bdf00000| Untracked 
|  32|0x00000007be000000, 0x00000007be000000, 0x00000007be100000|  0%| F|  |TAMS 0x00000007be000000, 0x00000007be000000| Untracked 
|  33|0x00000007be100000, 0x00000007be100000, 0x00000007be200000|  0%| F|  |TAMS 0x00000007be100000, 0x00000007be100000| Untracked 
|  34|0x00000007be200000, 0x00000007be200000, 0x00000007be300000|  0%| F|  |TAMS 0x00000007be200000, 0x00000007be200000| Untracked 
|  35|0x00000007be300000, 0x00000007be300000, 0x00000007be400000|  0%| F|  |TAMS 0x00000007be300000, 0x00000007be300000| Untracked 
|  36|0x00000007be400000, 0x00000007be400000, 0x00000007be500000|  0%| F|  |TAMS 0x00000007be400000, 0x00000007be400000| Untracked 
|  37|0x00000007be500000, 0x00000007be500000, 0x00000007be600000|  0%| F|  |TAMS 0x00000007be500000, 0x00000007be500000| Untracked 
|  38|0x00000007be600000, 0x00000007be600000, 0x00000007be700000|  0%| F|  |TAMS 0x00000007be600000, 0x00000007be600000| Untracked 
|  39|0x00000007be700000, 0x00000007be700000, 0x00000007be800000|  0%| F|  |TAMS 0x00000007be700000, 0x00000007be700000| Untracked 
|  40|0x00000007be800000, 0x00000007be800000, 0x00000007be900000|  0%| F|  |TAMS 0x00000007be800000, 0x00000007be800000| Untracked 
|  41|0x00000007be900000, 0x00000007be900000, 0x00000007bea00000|  0%| F|  |TAMS 0x00000007be900000, 0x00000007be900000| Untracked 
|  42|0x00000007bea00000, 0x00000007bea00000, 0x00000007beb00000|  0%| F|  |TAMS 0x00000007bea00000, 0x00000007bea00000| Untracked 
|  43|0x00000007beb00000, 0x00000007beb00000, 0x00000007bec00000|  0%| F|  |TAMS 0x00000007beb00000, 0x00000007beb00000| Untracked 
|  44|0x00000007bec00000, 0x00000007bec00000, 0x00000007bed00000|  0%| F|  |TAMS 0x00000007bec00000, 0x00000007bec00000| Untracked 
|  45|0x00000007bed00000, 0x00000007bed00000, 0x00000007bee00000|  0%| F|  |TAMS 0x00000007bed00000, 0x00000007bed00000| Untracked 
|  46|0x00000007bee00000, 0x00000007bee00000, 0x00000007bef00000|  0%| F|  |TAMS 0x00000007bee00000, 0x00000007bee00000| Untracked 
|  47|0x00000007bef00000, 0x00000007bef00000, 0x00000007bf000000|  0%| F|  |TAMS 0x00000007bef00000, 0x00000007bef00000| Untracked 
|  48|0x00000007bf000000, 0x00000007bf000000, 0x00000007bf100000|  0%| F|  |TAMS 0x00000007bf000000, 0x00000007bf000000| Untracked 
|  49|0x00000007bf100000, 0x00000007bf100000, 0x00000007bf200000|  0%| F|  |TAMS 0x00000007bf100000, 0x00000007bf100000| Untracked 
|  50|0x00000007bf200000, 0x00000007bf300000, 0x00000007bf300000|100%| E|  |TAMS 0x00000007bf200000, 0x00000007bf200000| Complete 
|  51|0x00000007bf300000, 0x00000007bf400000, 0x00000007bf400000|100%| E|CS|TAMS 0x00000007bf300000, 0x00000007bf300000| Complete 
|  52|0x00000007bf400000, 0x00000007bf500000, 0x00000007bf500000|100%| E|CS|TAMS 0x00000007bf400000, 0x00000007bf400000| Complete 
|  53|0x00000007bf500000, 0x00000007bf600000, 0x00000007bf600000|100%| E|CS|TAMS 0x00000007bf500000, 0x00000007bf500000| Complete 
|  54|0x00000007bf600000, 0x00000007bf700000, 0x00000007bf700000|100%| E|CS|TAMS 0x00000007bf600000, 0x00000007bf600000| Complete 
|  55|0x00000007bf700000, 0x00000007bf800000, 0x00000007bf800000|100%| E|CS|TAMS 0x00000007bf700000, 0x00000007bf700000| Complete 
|  56|0x00000007bf800000, 0x00000007bf900000, 0x00000007bf900000|100%| E|CS|TAMS 0x00000007bf800000, 0x00000007bf800000| Complete 
|  57|0x00000007bf900000, 0x00000007bfa00000, 0x00000007bfa00000|100%| E|  |TAMS 0x00000007bf900000, 0x00000007bf900000| Complete 
|  58|0x00000007bfa00000, 0x00000007bfb00000, 0x00000007bfb00000|100%| E|CS|TAMS 0x00000007bfa00000, 0x00000007bfa00000| Complete 
|  59|0x00000007bfb00000, 0x00000007bfc00000, 0x00000007bfc00000|100%| E|CS|TAMS 0x00000007bfb00000, 0x00000007bfb00000| Complete 
|  60|0x00000007bfc00000, 0x00000007bfd00000, 0x00000007bfd00000|100%| E|CS|TAMS 0x00000007bfc00000, 0x00000007bfc00000| Complete 
|  61|0x00000007bfd00000, 0x00000007bfe00000, 0x00000007bfe00000|100%| E|CS|TAMS 0x00000007bfd00000, 0x00000007bfd00000| Complete 
|  62|0x00000007bfe00000, 0x00000007bff00000, 0x00000007bff00000|100%| E|CS|TAMS 0x00000007bfe00000, 0x00000007bfe00000| Complete 
|  63|0x00000007bff00000, 0x00000007c0000000, 0x00000007c0000000|100%| E|CS|TAMS 0x00000007bff00000, 0x00000007bff00000| Complete 

Card table byte_map: [0x00000001002d0000,0x00000001002f0000] _byte_map_base: 0x00000000fc4f0000

Marking Bits (Prev, Next): (CMBitMap*) 0x000000014f010810, (CMBitMap*) 0x000000014f010850
 Prev Bits: [0x0000000100644000, 0x0000000100744000)
 Next Bits: [0x000000011cf68000, 0x000000011d068000)

Polling page: 0x0000000100220000

Metaspace:

Usage:
  Non-class:     16.39 MB used.
      Class:      1.87 MB used.
       Both:     18.26 MB used.

Virtual space:
  Non-class space:       24.00 MB reserved,      16.50 MB ( 69%) committed,  3 nodes.
      Class space:        1.00 GB reserved,       2.00 MB ( <1%) committed,  1 nodes.
              Both:        1.02 GB reserved,      18.50 MB (  2%) committed. 

Chunk freelists:
   Non-Class:  3.52 MB
       Class:  2.02 MB
        Both:  5.53 MB

MaxMetaspaceSize: 17179869184.00 GB
CompressedClassSpaceSize: 1.00 GB
 - commit_granule_bytes: 65536.
 - commit_granule_words: 8192.
 - virtual_space_node_default_size: 1048576.
 - enlarge_chunks_in_place: 1.
 - new_chunks_are_fully_committed: 0.
 - uncommit_free_chunks: 1.
 - use_allocation_guard: 0.
 - handle_deallocations: 1.


Internal statistics:

num_allocs_failed_limit: 0.
num_arena_births: 158.
num_arena_deaths: 0.
num_vsnodes_births: 4.
num_vsnodes_deaths: 0.
num_space_committed: 296.
num_space_uncommitted: 0.
num_chunks_returned_to_freelist: 0.
num_chunks_taken_from_freelist: 318.
num_chunk_merges: 0.
num_chunk_splits: 186.
num_chunks_enlarged: 113.
num_purges: 0.

CodeHeap 'non-profiled nmethods': size=120032Kb used=1047Kb max_used=1047Kb free=118984Kb
 bounds [0x0000000115a30000, 0x0000000115ca0000, 0x000000011cf68000]
CodeHeap 'profiled nmethods': size=120016Kb used=4197Kb max_used=4197Kb free=115818Kb
 bounds [0x000000010e4fc000, 0x000000010e91c000, 0x0000000115a30000]
CodeHeap 'non-nmethods': size=5712Kb used=1143Kb max_used=1196Kb free=4568Kb
 bounds [0x000000010df68000, 0x000000010e1d8000, 0x000000010e4fc000]
 total_blobs=2505 nmethods=2043 adapters=379
 compilation: enabled
              stopped_count=0, restarted_count=0
 full_count=0

Compilation events (20 events):
Event: 19.730 Thread 0x000000014d842200 nmethod 4468 0x000000010e90d690 code [0x000000010e90d840, 0x000000010e90d9d8]
Event: 19.731 Thread 0x000000014d842200 4470  s    3       java.util.jar.JarFile::getInputStream (72 bytes)
Event: 19.731 Thread 0x000000014d842200 nmethod 4470 0x000000010e90da90 code [0x000000010e90dd00, 0x000000010e90e3a8]
Event: 19.731 Thread 0x000000014d842200 4471       3       java.util.Optional::empty (6 bytes)
Event: 19.731 Thread 0x000000014d842200 nmethod 4471 0x000000010e90e590 code [0x000000010e90e740, 0x000000010e90e828]
Event: 19.731 Thread 0x000000014d842200 4472       3       jdk.internal.module.SystemModuleFinders$SystemModuleReader::find (54 bytes)
Event: 19.731 Thread 0x000000014d843e00 nmethod 4461 0x0000000115b33210 code [0x0000000115b33540, 0x0000000115b34200]
Event: 19.731 Thread 0x000000014d843e00 4464   !   4       java.util.jar.JarFile::checkForSpecialAttributes (163 bytes)
Event: 19.731 Thread 0x000000014d842200 nmethod 4472 0x000000010e90e910 code [0x000000010e90ec80, 0x000000010e90f8c8]
Event: 19.732 Thread 0x000000014d842200 4474       3       java.util.jar.JarFile::getJarEntry (9 bytes)
Event: 19.732 Thread 0x000000014d842200 nmethod 4474 0x000000010e90fd90 code [0x000000010e90ff40, 0x000000010e910258]
Event: 19.732 Thread 0x000000014d842200 4473       2       java.util.jar.JarFile::getEntry (35 bytes)
Event: 19.732 Thread 0x000000014d842200 nmethod 4473 0x000000010e910310 code [0x000000010e910500, 0x000000010e9107e8]
Event: 19.732 Thread 0x000000014d842200 4476       3       java.lang.Thread::interrupted (23 bytes)
Event: 19.732 Thread 0x000000014d842200 nmethod 4476 0x000000010e910990 code [0x000000010e910b40, 0x000000010e910d18]
Event: 19.732 Thread 0x000000014d842200 4477       3       jdk.internal.loader.URLClassPath$JarLoader$2::getCodeSourceURL (8 bytes)
Event: 19.733 Thread 0x000000014d842200 nmethod 4477 0x000000010e910e10 code [0x000000010e910fc0, 0x000000010e911128]
Event: 19.733 Thread 0x000000014d842200 4483       3       java.util.jar.JarFile::maybeInstantiateVerifier (42 bytes)
Event: 19.733 Thread 0x000000014d842200 nmethod 4483 0x000000010e911210 code [0x000000010e911400, 0x000000010e9117c8]
Event: 19.733 Thread 0x000000014d842200 4484   !   2       jdk.internal.loader.URLClassPath$JarLoader::getResource (65 bytes)

GC Heap History (14 events):
Event: 2.267 GC heap before
{Heap before GC invocations=0 (full 0):
 garbage-first heap   total 65536K, used 22528K [0x00000007bc000000, 0x00000007c0000000)
  region size 1024K, 23 young (23552K), 0 survivors (0K)
 Metaspace       used 16052K, committed 16320K, reserved 1064960K
  class space    used 1564K, committed 1728K, reserved 1048576K
}
Event: 2.275 GC heap after
{Heap after GC invocations=1 (full 0):
 garbage-first heap   total 65536K, used 3976K [0x00000007bc000000, 0x00000007c0000000)
  region size 1024K, 3 young (3072K), 3 survivors (3072K)
 Metaspace       used 16052K, committed 16320K, reserved 1064960K
  class space    used 1564K, committed 1728K, reserved 1048576K
}
Event: 18.338 GC heap before
{Heap before GC invocations=1 (full 0):
 garbage-first heap   total 65536K, used 32648K [0x00000007bc000000, 0x00000007c0000000)
  region size 1024K, 29 young (29696K), 3 survivors (3072K)
 Metaspace       used 16106K, committed 16384K, reserved 1064960K
  class space    used 1569K, committed 1728K, reserved 1048576K
}
Event: 18.340 GC heap after
{Heap after GC invocations=2 (full 0):
 garbage-first heap   total 65536K, used 6557K [0x00000007bc000000, 0x00000007c0000000)
  region size 1024K, 1 young (1024K), 1 survivors (1024K)
 Metaspace       used 16106K, committed 16384K, reserved 1064960K
  class space    used 1569K, committed 1728K, reserved 1048576K
}
Event: 18.599 GC heap before
{Heap before GC invocations=2 (full 0):
 garbage-first heap   total 65536K, used 44445K [0x00000007bc000000, 0x00000007c0000000)
  region size 1024K, 38 young (38912K), 1 survivors (1024K)
 Metaspace       used 16151K, committed 16384K, reserved 1064960K
  class space    used 1569K, committed 1728K, reserved 1048576K
}
Event: 18.599 GC heap after
{Heap after GC invocations=3 (full 0):
 garbage-first heap   total 65536K, used 6326K [0x00000007bc000000, 0x00000007c0000000)
  region size 1024K, 1 young (1024K), 1 survivors (1024K)
 Metaspace       used 16151K, committed 16384K, reserved 1064960K
  class space    used 1569K, committed 1728K, reserved 1048576K
}
Event: 18.781 GC heap before
{Heap before GC invocations=3 (full 0):
 garbage-first heap   total 65536K, used 44214K [0x00000007bc000000, 0x00000007c0000000)
  region size 1024K, 38 young (38912K), 1 survivors (1024K)
 Metaspace       used 16151K, committed 16384K, reserved 1064960K
  class space    used 1569K, committed 1728K, reserved 1048576K
}
Event: 18.782 GC heap after
{Heap after GC invocations=4 (full 0):
 garbage-first heap   total 65536K, used 6233K [0x00000007bc000000, 0x00000007c0000000)
  region size 1024K, 1 young (1024K), 1 survivors (1024K)
 Metaspace       used 16151K, committed 16384K, reserved 1064960K
  class space    used 1569K, committed 1728K, reserved 1048576K
}
Event: 18.999 GC heap before
{Heap before GC invocations=4 (full 0):
 garbage-first heap   total 65536K, used 44121K [0x00000007bc000000, 0x00000007c0000000)
  region size 1024K, 38 young (38912K), 1 survivors (1024K)
 Metaspace       used 16151K, committed 16384K, reserved 1064960K
  class space    used 1569K, committed 1728K, reserved 1048576K
}
Event: 18.999 GC heap after
{Heap after GC invocations=5 (full 0):
 garbage-first heap   total 65536K, used 6210K [0x00000007bc000000, 0x00000007c0000000)
  region size 1024K, 1 young (1024K), 1 survivors (1024K)
 Metaspace       used 16151K, committed 16384K, reserved 1064960K
  class space    used 1569K, committed 1728K, reserved 1048576K
}
Event: 19.199 GC heap before
{Heap before GC invocations=5 (full 0):
 garbage-first heap   total 65536K, used 44098K [0x00000007bc000000, 0x00000007c0000000)
  region size 1024K, 38 young (38912K), 1 survivors (1024K)
 Metaspace       used 16151K, committed 16384K, reserved 1064960K
  class space    used 1569K, committed 1728K, reserved 1048576K
}
Event: 19.199 GC heap after
{Heap after GC invocations=6 (full 0):
 garbage-first heap   total 65536K, used 6212K [0x00000007bc000000, 0x00000007c0000000)
  region size 1024K, 1 young (1024K), 1 survivors (1024K)
 Metaspace       used 16151K, committed 16384K, reserved 1064960K
  class space    used 1569K, committed 1728K, reserved 1048576K
}
Event: 19.610 GC heap before
{Heap before GC invocations=6 (full 0):
 garbage-first heap   total 65536K, used 44100K [0x00000007bc000000, 0x00000007c0000000)
  region size 1024K, 38 young (38912K), 1 survivors (1024K)
 Metaspace       used 16564K, committed 16832K, reserved 1064960K
  class space    used 1607K, committed 1728K, reserved 1048576K
}
Event: 19.610 GC heap after
{Heap after GC invocations=7 (full 0):
 garbage-first heap   total 65536K, used 4048K [0x00000007bc000000, 0x00000007c0000000)
  region size 1024K, 1 young (1024K), 1 survivors (1024K)
 Metaspace       used 16564K, committed 16832K, reserved 1064960K
  class space    used 1607K, committed 1728K, reserved 1048576K
}

Deoptimization events (20 events):
Event: 19.730 Thread 0x000000014d80dc00 Uncommon trap: trap_request=0xffffff45 fr.pc=0x0000000115ab8b30 relative=0x00000000000000f0
Event: 19.730 Thread 0x000000014d80dc00 Uncommon trap: reason=unstable_if action=reinterpret pc=0x0000000115ab8b30 method=java.lang.ThreadLocal$ThreadLocalMap.getEntry(Ljava/lang/ThreadLocal;)Ljava/lang/ThreadLocal$ThreadLocalMap$Entry; @ 21 c2
Event: 19.730 Thread 0x000000014d80dc00 DEOPT PACKING pc=0x0000000115ab8b30 sp=0x000000016fefd500
Event: 19.730 Thread 0x000000014d80dc00 DEOPT UNPACKING pc=0x000000010dfa1d9c sp=0x000000016fefd400 mode 2
Event: 19.732 Thread 0x000000014d80dc00 Uncommon trap: trap_request=0xffffffde fr.pc=0x0000000115aed740 relative=0x0000000000000080
Event: 19.732 Thread 0x000000014d80dc00 Uncommon trap: reason=class_check action=maybe_recompile pc=0x0000000115aed740 method=java.io.FilterInputStream.read([B)I @ 5 c2
Event: 19.732 Thread 0x000000014d80dc00 DEOPT PACKING pc=0x0000000115aed740 sp=0x000000016fefc8e0
Event: 19.732 Thread 0x000000014d80dc00 DEOPT UNPACKING pc=0x000000010dfa1d9c sp=0x000000016fefc860 mode 2
Event: 19.732 Thread 0x000000014d80dc00 Uncommon trap: trap_request=0xffffffde fr.pc=0x0000000115aed740 relative=0x0000000000000080
Event: 19.732 Thread 0x000000014d80dc00 Uncommon trap: reason=class_check action=maybe_recompile pc=0x0000000115aed740 method=java.io.FilterInputStream.read([B)I @ 5 c2
Event: 19.732 Thread 0x000000014d80dc00 DEOPT PACKING pc=0x0000000115aed740 sp=0x000000016fefc8e0
Event: 19.732 Thread 0x000000014d80dc00 DEOPT UNPACKING pc=0x000000010dfa1d9c sp=0x000000016fefc860 mode 2
Event: 19.732 Thread 0x000000014d80dc00 Uncommon trap: trap_request=0xffffff45 fr.pc=0x0000000115a71d50 relative=0x0000000000000150
Event: 19.732 Thread 0x000000014d80dc00 Uncommon trap: reason=unstable_if action=reinterpret pc=0x0000000115a71d50 method=java.util.regex.Matcher.reset()Ljava/util/regex/Matcher; @ 71 c2
Event: 19.732 Thread 0x000000014d80dc00 DEOPT PACKING pc=0x0000000115a71d50 sp=0x000000016fefc9a0
Event: 19.732 Thread 0x000000014d80dc00 DEOPT UNPACKING pc=0x000000010dfa1d9c sp=0x000000016fefc930 mode 2
Event: 19.732 Thread 0x000000014d80dc00 Uncommon trap: trap_request=0xffffffc6 fr.pc=0x0000000115a72f08 relative=0x0000000000000188
Event: 19.732 Thread 0x000000014d80dc00 Uncommon trap: reason=bimorphic_or_optimized_type_check action=maybe_recompile pc=0x0000000115a72f08 method=java.util.regex.Pattern$Branch.match(Ljava/util/regex/Matcher;ILjava/lang/CharSequence;)Z @ 32 c2
Event: 19.732 Thread 0x000000014d80dc00 DEOPT PACKING pc=0x0000000115a72f08 sp=0x000000016fefc260
Event: 19.732 Thread 0x000000014d80dc00 DEOPT UNPACKING pc=0x000000010dfa1d9c sp=0x000000016fefc1e0 mode 2

Classes unloaded (0 events):
No events

Classes redefined (0 events):
No events

Internal exceptions (20 events):
Event: 0.318 Thread 0x000000014d80dc00 Exception <a 'java/lang/NoSuchMethodError'{0x00000007bf4647a8}: 'java.lang.Object java.lang.invoke.DirectMethodHandle$Holder.newInvokeSpecial(java.lang.Object, java.lang.Object, java.lang.Object, java.lang.Object)'> (0x00000007bf4647a8) 
thrown [src/hotspot/share/interpreter/linkResolver.cpp, line 790]
Event: 0.318 Thread 0x000000014d80dc00 Exception <a 'java/lang/NoSuchMethodError'{0x00000007bf46c2a8}: 'java.lang.Object java.lang.invoke.Invokers$Holder.linkToTargetMethod(java.lang.Object, java.lang.Object, java.lang.Object, java.lang.Object)'> (0x00000007bf46c2a8) 
thrown [src/hotspot/share/interpreter/linkResolver.cpp, line 790]
Event: 0.331 Thread 0x000000014d80dc00 Exception <a 'java/lang/NoSuchMethodError'{0x00000007bf4e7f18}: 'int java.lang.invoke.DirectMethodHandle$Holder.invokeSpecial(java.lang.Object, java.lang.Object)'> (0x00000007bf4e7f18) 
thrown [src/hotspot/share/interpreter/linkResolver.cpp, line 790]
Event: 0.331 Thread 0x000000014d80dc00 Exception <a 'java/lang/NoSuchMethodError'{0x00000007bf4edfd0}: 'java.lang.Object java.lang.invoke.DirectMethodHandle$Holder.newInvokeSpecial(java.lang.Object)'> (0x00000007bf4edfd0) 
thrown [src/hotspot/share/interpreter/linkResolver.cpp, line 790]
Event: 0.335 Thread 0x000000014d80dc00 Exception <a 'java/lang/NoSuchMethodError'{0x00000007bf30bd90}: 'java.lang.Object java.lang.invoke.DirectMethodHandle$Holder.invokeStaticInit(java.lang.Object)'> (0x00000007bf30bd90) 
thrown [src/hotspot/share/interpreter/linkResolver.cpp, line 790]
Event: 0.348 Thread 0x000000014d80dc00 Exception <a 'java/lang/NoSuchMethodError'{0x00000007bf3596f8}: 'java.lang.Object java.lang.invoke.DirectMethodHandle$Holder.invokeStatic(java.lang.Object, java.lang.Object, java.lang.Object, java.lang.Object, java.lang.Object, java.lang.Object)'> (0x00000007bf3596f8) 
thrown [src/hotspot/share/interpreter/linkResolver.cpp, line 790]
Event: 0.349 Thread 0x000000014d80dc00 Exception <a 'java/lang/NoSuchMethodError'{0x00000007bf35db60}: 'java.lang.Object java.lang.invoke.DirectMethodHandle$Holder.invokeSpecial(java.lang.Object, java.lang.Object, java.lang.Object, java.lang.Object, java.lang.Object, java.lang.Object, java.lang.Object)'> (0x00000007bf35db60) 
thrown [src/hotspot/share/interpreter/linkResolver.cpp, line 790]
Event: 0.349 Thread 0x000000014d80dc00 Exception <a 'java/lang/NoSuchMethodError'{0x00000007bf362190}: 'java.lang.Object java.lang.invoke.DelegatingMethodHandle$Holder.delegate(java.lang.Object, java.lang.Object, java.lang.Object, java.lang.Object, java.lang.Object, java.lang.Object)'> (0x00000007bf362190) 
thrown [src/hotspot/share/interpreter/linkResolver.cpp, line 790]
Event: 0.349 Thread 0x000000014d80dc00 Exception <a 'java/lang/NoSuchMethodError'{0x00000007bf3661c8}: 'java.lang.Object java.lang.invoke.Invokers$Holder.invokeExact_MT(java.lang.Object, java.lang.Object, java.lang.Object, java.lang.Object, java.lang.Object, java.lang.Object, java.lang.Object)'> (0x00000007bf3661c8) 
thrown [src/hotspot/share/interpreter/linkResolver.cpp, line 790]
Event: 0.350 Thread 0x000000014d80dc00 Exception <a 'java/lang/NoSuchMethodError'{0x00000007bf37d1f0}: 'java.lang.Object java.lang.invoke.DirectMethodHandle$Holder.invokeStatic(java.lang.Object, java.lang.Object, java.lang.Object, java.lang.Object, java.lang.Object)'> (0x00000007bf37d1f0) 
thrown [src/hotspot/share/interpreter/linkResolver.cpp, line 790]
Event: 19.604 Thread 0x000000014d80dc00 Exception <a 'java/lang/NoSuchMethodError'{0x00000007bdb640e8}: 'java.lang.Object java.lang.invoke.DirectMethodHandle$Holder.invokeStaticInit(java.lang.Object, java.lang.Object, long, java.lang.Object)'> (0x00000007bdb640e8) 
thrown [src/hotspot/share/interpreter/linkResolver.cpp, line 790]
Event: 19.605 Thread 0x000000014d80dc00 Exception <a 'java/lang/NoSuchMethodError'{0x00000007bdb71c20}: 'java.lang.Object java.lang.invoke.Invokers$Holder.linkToTargetMethod(java.lang.Object, long, java.lang.Object)'> (0x00000007bdb71c20) 
thrown [src/hotspot/share/interpreter/linkResolver.cpp, line 790]
Event: 19.606 Thread 0x000000014d80dc00 Exception <a 'java/lang/NoSuchMethodError'{0x00000007bdb7ce08}: 'java.lang.Object java.lang.invoke.DirectMethodHandle$Holder.newInvokeSpecial(java.lang.Object, java.lang.Object, java.lang.Object, int)'> (0x00000007bdb7ce08) 
thrown [src/hotspot/share/interpreter/linkResolver.cpp, line 790]
Event: 19.607 Thread 0x000000014d80dc00 Exception <a 'java/lang/NoSuchMethodError'{0x00000007bdb81120}: 'java.lang.Object java.lang.invoke.DirectMethodHandle$Holder.invokeSpecial(java.lang.Object, java.lang.Object, java.lang.Object, java.lang.Object, int)'> (0x00000007bdb81120) 
thrown [src/hotspot/share/interpreter/linkResolver.cpp, line 790]
Event: 19.610 Thread 0x000000014d80dc00 Implicit null exception at 0x0000000115b1867c to 0x0000000115b18dd0
Event: 19.612 Thread 0x000000014d80dc00 Implicit null exception at 0x0000000115b0c4c4 to 0x0000000115b0dce0
Event: 19.613 Thread 0x000000014d80dc00 Implicit null exception at 0x0000000115b0fee8 to 0x0000000115b10b3c
Event: 19.623 Thread 0x000000014d80dc00 Exception <a 'java/lang/NoSuchMethodError'{0x00000007bfd16e68}: 'int java.lang.invoke.DirectMethodHandle$Holder.invokeSpecial(java.lang.Object, java.lang.Object, java.lang.Object, java.lang.Object)'> (0x00000007bfd16e68) 
thrown [src/hotspot/share/interpreter/linkResolver.cpp, line 790]
Event: 19.730 Thread 0x000000014d80dc00 Implicit null exception at 0x0000000115ab8ab4 to 0x0000000115ab8b20
Event: 19.733 Thread 0x000000014d80dc00 Exception <a 'java/lang/NoClassDefFoundError'{0x00000007bf2fae50}: org/slf4j/impl/StaticMarkerBinder> (0x00000007bf2fae50) 
thrown [src/hotspot/share/classfile/systemDictionary.cpp, line 245]

Events (20 events):
Event: 19.731 loading class java/net/URLClassLoader$2
Event: 19.731 loading class java/net/URLClassLoader$2 done
Event: 19.731 loading class sun/net/www/protocol/jar/JarURLConnection
Event: 19.731 loading class java/net/JarURLConnection
Event: 19.731 loading class java/net/JarURLConnection done
Event: 19.731 loading class sun/net/www/protocol/jar/JarURLConnection done
Event: 19.731 loading class sun/net/www/protocol/jar/JarFileFactory
Event: 19.731 loading class sun/net/www/protocol/jar/URLJarFile$URLJarFileCloseController
Event: 19.731 loading class sun/net/www/protocol/jar/URLJarFile$URLJarFileCloseController done
Event: 19.731 loading class sun/net/www/protocol/jar/JarFileFactory done
Event: 19.731 loading class sun/net/www/protocol/jar/URLJarFile
Event: 19.732 loading class sun/net/www/protocol/jar/URLJarFile done
Event: 19.732 Executing  VM operation: HandshakeAllThreads
Event: 19.732 Executing  VM operation: HandshakeAllThreads done
Event: 19.732 loading class sun/net/www/protocol/jar/URLJarFile$URLJarFileEntry
Event: 19.732 loading class sun/net/www/protocol/jar/URLJarFile$URLJarFileEntry done
Event: 19.732 loading class sun/net/www/protocol/jar/JarURLConnection$JarURLInputStream
Event: 19.732 loading class sun/net/www/protocol/jar/JarURLConnection$JarURLInputStream done
Event: 19.732 Executing  VM operation: ICBufferFull
Event: 19.732 Executing  VM operation: ICBufferFull done


Dynamic libraries:
0x00000001a7739000 	/usr/lib/libz.1.dylib
0x00000001001b4000 	/Library/Java/JavaVirtualMachines/zulu-16.jdk/Contents/Home/lib/libjli.dylib
0x00000001b1c43000 	/System/Library/Frameworks/Cocoa.framework/Versions/A/Cocoa
0x000000019fb86000 	/System/Library/Frameworks/Security.framework/Versions/A/Security
0x00000001affb1000 	/System/Library/Frameworks/ApplicationServices.framework/Versions/A/ApplicationServices
0x00000001a77df000 	/usr/lib/libSystem.B.dylib
0x00000001a77d9000 	/usr/lib/system/libcache.dylib
0x00000001a7798000 	/usr/lib/system/libcommonCrypto.dylib
0x00000001a77c2000 	/usr/lib/system/libcompiler_rt.dylib
0x00000001a77b9000 	/usr/lib/system/libcopyfile.dylib
0x000000019dafc000 	/usr/lib/system/libcorecrypto.dylib
0x000000019db9c000 	/usr/lib/system/libdispatch.dylib
0x000000019dd55000 	/usr/lib/system/libdyld.dylib
0x00000001a77cf000 	/usr/lib/system/libkeymgr.dylib
0x00000001aac00000 	/usr/lib/system/liblaunch.dylib
0x00000001a777a000 	/usr/lib/system/libmacho.dylib
0x00000001a6fec000 	/usr/lib/system/libquarantine.dylib
0x00000001a77cc000 	/usr/lib/system/libremovefile.dylib
0x00000001a25e2000 	/usr/lib/system/libsystem_asl.dylib
0x000000019daaa000 	/usr/lib/system/libsystem_blocks.dylib
0x000000019dc1e000 	/usr/lib/system/libsystem_c.dylib
0x00000001a77c6000 	/usr/lib/system/libsystem_collections.dylib
0x00000001a6626000 	/usr/lib/system/libsystem_configuration.dylib
0x00000001a59a9000 	/usr/lib/system/libsystem_containermanager.dylib
0x00000001a754f000 	/usr/lib/system/libsystem_coreservices.dylib
0x00000001a015d000 	/usr/lib/system/libsystem_darwin.dylib
0x00000001a77d0000 	/usr/lib/system/libsystem_dnssd.dylib
0x000000019dc1b000 	/usr/lib/system/libsystem_featureflags.dylib
0x000000019dd9e000 	/usr/lib/system/libsystem_info.dylib
0x00000001a774b000 	/usr/lib/system/libsystem_m.dylib
0x000000019db70000 	/usr/lib/system/libsystem_malloc.dylib
0x00000001a257d000 	/usr/lib/system/libsystem_networkextension.dylib
0x00000001a05a0000 	/usr/lib/system/libsystem_notify.dylib
0x00000001ad0ae000 	/usr/lib/system/libsystem_product_info_filter.dylib
0x00000001a662b000 	/usr/lib/system/libsystem_sandbox.dylib
0x00000001a77c9000 	/usr/lib/system/libsystem_secinit.dylib
0x000000019dd14000 	/usr/lib/system/libsystem_kernel.dylib
0x000000019dd97000 	/usr/lib/system/libsystem_platform.dylib
0x000000019dd48000 	/usr/lib/system/libsystem_pthread.dylib
0x00000001a3b4f000 	/usr/lib/system/libsystem_symptoms.dylib
0x000000019dae4000 	/usr/lib/system/libsystem_trace.dylib
0x00000001a77a6000 	/usr/lib/system/libunwind.dylib
0x000000019daac000 	/usr/lib/system/libxpc.dylib
0x000000019dcfc000 	/usr/lib/libc++abi.dylib
0x000000019dbe1000 	/usr/lib/libobjc.A.dylib
0x00000001a77b1000 	/usr/lib/liboah.dylib
0x000000019dca0000 	/usr/lib/libc++.1.dylib
0x000000019ddca000 	/System/Library/Frameworks/CoreFoundation.framework/Versions/A/CoreFoundation
0x000000019eb91000 	/System/Library/Frameworks/Foundation.framework/Versions/C/Foundation
0x00000001a05fa000 	/System/Library/Frameworks/AppKit.framework/Versions/C/AppKit
0x00000001a3418000 	/System/Library/Frameworks/CoreData.framework/Versions/A/CoreData
0x00000001a133a000 	/System/Library/PrivateFrameworks/UIFoundation.framework/Versions/A/UIFoundation
0x00000001ace40000 	/System/Library/PrivateFrameworks/RemoteViewServices.framework/Versions/A/RemoteViewServices
0x00000001a605a000 	/System/Library/PrivateFrameworks/XCTTargetBootstrap.framework/Versions/A/XCTTargetBootstrap
0x00000001a8999000 	/usr/lib/libspindump.dylib
0x00000001a1561000 	/System/Library/Frameworks/UniformTypeIdentifiers.framework/Versions/A/UniformTypeIdentifiers
0x00000001a4642000 	/usr/lib/libapp_launch_measurement.dylib
0x00000001a4645000 	/System/Library/PrivateFrameworks/CoreAutoLayout.framework/Versions/A/CoreAutoLayout
0x00000001a59d7000 	/System/Library/Frameworks/Metal.framework/Versions/A/Metal
0x00000001a6636000 	/usr/lib/liblangid.dylib
0x00000001a605e000 	/System/Library/PrivateFrameworks/CoreSVG.framework/Versions/A/CoreSVG
0x00000001a2614000 	/System/Library/PrivateFrameworks/SkyLight.framework/Versions/A/SkyLight
0x00000001a297f000 	/System/Library/Frameworks/CoreGraphics.framework/Versions/A/CoreGraphics
0x00000001ad360000 	/System/Library/Frameworks/Accelerate.framework/Versions/A/Accelerate
0x00000001a83f3000 	/System/Library/PrivateFrameworks/IconServices.framework/Versions/A/IconServices
0x00000001a59bb000 	/System/Library/Frameworks/IOSurface.framework/Versions/A/IOSurface
0x00000001a3ce6000 	/usr/lib/libDiagnosticMessagesClient.dylib
0x00000001a6042000 	/System/Library/PrivateFrameworks/DFRFoundation.framework/Versions/A/DFRFoundation
0x000000019feeb000 	/usr/lib/libicucore.A.dylib
0x00000001a9eea000 	/System/Library/Frameworks/AudioToolbox.framework/Versions/A/AudioToolbox
0x00000001a90ff000 	/System/Library/PrivateFrameworks/DataDetectorsCore.framework/Versions/A/DataDetectorsCore
0x00000001a258f000 	/usr/lib/libMobileGestalt.dylib
0x00000001a5d37000 	/System/Library/Frameworks/Carbon.framework/Versions/A/Frameworks/HIToolbox.framework/Versions/A/HIToolbox
0x00000001a40e1000 	/System/Library/Frameworks/QuartzCore.framework/Versions/A/QuartzCore
0x00000001ace78000 	/System/Library/Frameworks/Carbon.framework/Versions/A/Frameworks/SpeechRecognition.framework/Versions/A/SpeechRecognition
0x00000001a43e0000 	/System/Library/PrivateFrameworks/CoreUI.framework/Versions/A/CoreUI
0x000000019f56b000 	/System/Library/Frameworks/CoreAudio.framework/Versions/A/CoreAudio
0x00000001a3dcf000 	/System/Library/Frameworks/DiskArbitration.framework/Versions/A/DiskArbitration
0x00000001a8d4c000 	/System/Library/PrivateFrameworks/MultitouchSupport.framework/Versions/A/MultitouchSupport
0x00000001a90f6000 	/System/Library/PrivateFrameworks/InternationalSupport.framework/Versions/A/InternationalSupport
0x00000001a258d000 	/usr/lib/libenergytrace.dylib
0x00000001a04d4000 	/System/Library/Frameworks/IOKit.framework/Versions/A/IOKit
0x00000001ad1a3000 	/System/Library/Frameworks/CoreServices.framework/Versions/A/CoreServices
0x00000001a45d8000 	/System/Library/PrivateFrameworks/PerformanceAnalysis.framework/Versions/A/PerformanceAnalysis
0x00000001dfd44000 	/System/Library/Frameworks/OpenGL.framework/Versions/A/OpenGL
0x00000001a9174000 	/System/Library/PrivateFrameworks/UserActivity.framework/Versions/A/UserActivity
0x00000001a2f6d000 	/System/Library/Frameworks/ColorSync.framework/Versions/A/ColorSync
0x00000001a62a8000 	/System/Library/Frameworks/CoreImage.framework/Versions/A/CoreImage
0x000000019f39b000 	/System/Library/Frameworks/CoreText.framework/Versions/A/CoreText
0x00000001a6089000 	/System/Library/Frameworks/ImageIO.framework/Versions/A/ImageIO
0x00000001a77e5000 	/System/Library/PrivateFrameworks/SoftLinking.framework/Versions/A/SoftLinking
0x00000001a4688000 	/usr/lib/libxml2.2.dylib
0x00000001a7a65000 	/usr/lib/libcompression.dylib
0x00000001a9042000 	/System/Library/PrivateFrameworks/TextureIO.framework/Versions/A/TextureIO
0x00000001a8150000 	/usr/lib/libate.dylib
0x00000001a7f99000 	/usr/lib/liblzma.5.dylib
0x000000019e8a6000 	/System/Library/Frameworks/SystemConfiguration.framework/Versions/A/SystemConfiguration
0x00000001a77e1000 	/usr/lib/libfakelink.dylib
0x00000001a20f4000 	/System/Library/Frameworks/CFNetwork.framework/Versions/A/CFNetwork
0x00000001a792b000 	/usr/lib/libarchive.2.dylib
0x000000019e92e000 	/usr/lib/libCRFSuite.dylib
0x00000001a7016000 	/usr/lib/libbsm.0.dylib
0x00000001a19ab000 	/usr/lib/libnetwork.dylib
0x00000001a77e6000 	/usr/lib/libpcap.A.dylib
0x00000001a3b47000 	/usr/lib/libdns_services.dylib
0x00000001a7fb2000 	/usr/lib/libcoretls_cfhelpers.dylib
0x00000001a7a34000 	/usr/lib/libapple_nghttp2.dylib
0x00000001a7780000 	/usr/lib/system/libkxld.dylib
0x00000001a37d8000 	/usr/lib/libsqlite3.dylib
0x00000001a7532000 	/System/Library/PrivateFrameworks/AppleFSCompression.framework/Versions/A/AppleFSCompression
0x00000001a6fff000 	/usr/lib/libcoretls.dylib
0x00000001a7a60000 	/usr/lib/libpam.2.dylib
0x00000001a8099000 	/usr/lib/libxar.1.dylib
0x00000001a6632000 	/System/Library/PrivateFrameworks/AppleSystemInfo.framework/Versions/A/AppleSystemInfo
0x00000001a6c4f000 	/System/Library/PrivateFrameworks/IOMobileFramebuffer.framework/Versions/A/IOMobileFramebuffer
0x00000001a7542000 	/usr/lib/libbz2.1.0.dylib
0x00000001a7822000 	/usr/lib/libiconv.2.dylib
0x00000001a7779000 	/usr/lib/libcharset.1.dylib
0x00000001a4611000 	/System/Library/Frameworks/CoreServices.framework/Versions/A/Frameworks/FSEvents.framework/Versions/A/FSEvents
0x00000001a0168000 	/System/Library/Frameworks/CoreServices.framework/Versions/A/Frameworks/CarbonCore.framework/Versions/A/CarbonCore
0x00000001a3d35000 	/System/Library/Frameworks/CoreServices.framework/Versions/A/Frameworks/Metadata.framework/Versions/A/Metadata
0x00000001a7554000 	/System/Library/Frameworks/CoreServices.framework/Versions/A/Frameworks/OSServices.framework/Versions/A/OSServices
0x00000001a799c000 	/System/Library/Frameworks/CoreServices.framework/Versions/A/Frameworks/SearchKit.framework/Versions/A/SearchKit
0x00000001a3ad3000 	/System/Library/Frameworks/CoreServices.framework/Versions/A/Frameworks/AE.framework/Versions/A/AE
0x000000019e279000 	/System/Library/Frameworks/CoreServices.framework/Versions/A/Frameworks/LaunchServices.framework/Versions/A/LaunchServices
0x00000001a7f46000 	/System/Library/Frameworks/CoreServices.framework/Versions/A/Frameworks/DictionaryServices.framework/Versions/A/DictionaryServices
0x00000001a461e000 	/System/Library/Frameworks/CoreServices.framework/Versions/A/Frameworks/SharedFileList.framework/Versions/A/SharedFileList
0x00000001a6fef000 	/usr/lib/libCheckFix.dylib
0x00000001a25fa000 	/System/Library/PrivateFrameworks/TCC.framework/Versions/A/TCC
0x00000001a6638000 	/System/Library/PrivateFrameworks/CoreNLP.framework/Versions/A/CoreNLP
0x00000001a3ce9000 	/System/Library/PrivateFrameworks/MetadataUtilities.framework/Versions/A/MetadataUtilities
0x000000019e962000 	/usr/lib/libmecabra.dylib
0x00000001a72d5000 	/System/Library/Frameworks/MLCompute.framework/Versions/A/MLCompute
0x00000001a7027000 	/usr/lib/libmecab.dylib
0x00000001a706d000 	/usr/lib/libgermantok.dylib
0x00000001a7a0d000 	/usr/lib/libThaiTokenizer.dylib
0x00000001a80d5000 	/usr/lib/libChineseTokenizer.dylib
0x00000001a7a5e000 	/System/Library/Frameworks/MetalPerformanceShaders.framework/Versions/A/MetalPerformanceShaders
0x00000001a3dd6000 	/System/Library/Frameworks/Accelerate.framework/Versions/A/Frameworks/vImage.framework/Versions/A/vImage
0x00000001ad181000 	/System/Library/Frameworks/Accelerate.framework/Versions/A/Frameworks/vecLib.framework/Versions/A/vecLib
0x00000001a80e0000 	/System/Library/Frameworks/Accelerate.framework/Versions/A/Frameworks/vecLib.framework/Versions/A/libvMisc.dylib
0x00000001a6b8d000 	/System/Library/Frameworks/Accelerate.framework/Versions/A/Frameworks/vecLib.framework/Versions/A/libvDSP.dylib
0x000000019e58c000 	/System/Library/Frameworks/Accelerate.framework/Versions/A/Frameworks/vecLib.framework/Versions/A/libBLAS.dylib
0x00000001a7a89000 	/System/Library/Frameworks/Accelerate.framework/Versions/A/Frameworks/vecLib.framework/Versions/A/libLAPACK.dylib
0x00000001a7072000 	/System/Library/Frameworks/Accelerate.framework/Versions/A/Frameworks/vecLib.framework/Versions/A/libLinearAlgebra.dylib
0x00000001a7a4b000 	/System/Library/Frameworks/Accelerate.framework/Versions/A/Frameworks/vecLib.framework/Versions/A/libSparseBLAS.dylib
0x00000001a7a84000 	/System/Library/Frameworks/Accelerate.framework/Versions/A/Frameworks/vecLib.framework/Versions/A/libQuadrature.dylib
0x00000001a66ce000 	/System/Library/Frameworks/Accelerate.framework/Versions/A/Frameworks/vecLib.framework/Versions/A/libBNNS.dylib
0x000000019e842000 	/System/Library/Frameworks/Accelerate.framework/Versions/A/Frameworks/vecLib.framework/Versions/A/libSparse.dylib
0x00000001a65c1000 	/System/Library/Frameworks/MetalPerformanceShaders.framework/Versions/A/Frameworks/MPSCore.framework/Versions/A/MPSCore
0x00000001a74aa000 	/System/Library/Frameworks/MetalPerformanceShaders.framework/Versions/A/Frameworks/MPSImage.framework/Versions/A/MPSImage
0x00000001a7087000 	/System/Library/Frameworks/MetalPerformanceShaders.framework/Versions/A/Frameworks/MPSNeuralNetwork.framework/Versions/A/MPSNeuralNetwork
0x00000001a7428000 	/System/Library/Frameworks/MetalPerformanceShaders.framework/Versions/A/Frameworks/MPSMatrix.framework/Versions/A/MPSMatrix
0x00000001a728b000 	/System/Library/Frameworks/MetalPerformanceShaders.framework/Versions/A/Frameworks/MPSRayIntersector.framework/Versions/A/MPSRayIntersector
0x00000001a7457000 	/System/Library/Frameworks/MetalPerformanceShaders.framework/Versions/A/Frameworks/MPSNDArray.framework/Versions/A/MPSNDArray
0x000000019e4b2000 	/System/Library/PrivateFrameworks/MetalTools.framework/Versions/A/MetalTools
0x00000001a6630000 	/System/Library/PrivateFrameworks/AggregateDictionary.framework/Versions/A/AggregateDictionary
0x00000001a3cb3000 	/System/Library/PrivateFrameworks/CoreAnalytics.framework/Versions/A/CoreAnalytics
0x00000001a7a0f000 	/System/Library/PrivateFrameworks/AppleSauce.framework/Versions/A/AppleSauce
0x00000001a59cd000 	/System/Library/PrivateFrameworks/IOAccelerator.framework/Versions/A/IOAccelerator
0x00000001dfd37000 	/System/Library/Frameworks/OpenGL.framework/Versions/A/Libraries/libCoreFSCache.dylib
0x000000019ef1e000 	/System/Library/PrivateFrameworks/LanguageModeling.framework/Versions/A/LanguageModeling
0x00000001a6c3c000 	/System/Library/PrivateFrameworks/CoreEmoji.framework/Versions/A/CoreEmoji
0x00000001a66c6000 	/System/Library/PrivateFrameworks/LinguisticData.framework/Versions/A/LinguisticData
0x000000019e7f7000 	/System/Library/PrivateFrameworks/Lexicon.framework/Versions/A/Lexicon
0x00000001a7918000 	/usr/lib/libcmph.dylib
0x00000001a45f1000 	/System/Library/Frameworks/OpenDirectory.framework/Versions/A/Frameworks/CFOpenDirectory.framework/Versions/A/CFOpenDirectory
0x00000001a45e3000 	/System/Library/Frameworks/OpenDirectory.framework/Versions/A/OpenDirectory
0x00000001a7fb4000 	/System/Library/PrivateFrameworks/APFS.framework/Versions/A/APFS
0x00000001a6f58000 	/System/Library/Frameworks/SecurityFoundation.framework/Versions/A/SecurityFoundation
0x00000001a80a7000 	/usr/lib/libutil.dylib
0x00000001a0498000 	/System/Library/PrivateFrameworks/CoreServicesStore.framework/Versions/A/CoreServicesStore
0x00000001a6fe6000 	/System/Library/Frameworks/ServiceManagement.framework/Versions/A/ServiceManagement
0x00000001a80ab000 	/usr/lib/libxslt.1.dylib
0x00000001a6fdc000 	/System/Library/PrivateFrameworks/BackgroundTaskManagement.framework/Versions/A/BackgroundTaskManagement
0x00000001a8f91000 	/System/Library/Frameworks/ImageIO.framework/Versions/A/Resources/libRadiance.dylib
0x00000001a8f9a000 	/System/Library/Frameworks/ImageIO.framework/Versions/A/Resources/libJPEG.dylib
0x00000001a8ee9000 	/System/Library/Frameworks/ImageIO.framework/Versions/A/Resources/libPng.dylib
0x00000001a8f10000 	/System/Library/Frameworks/ImageIO.framework/Versions/A/Resources/libTIFF.dylib
0x00000001a8feb000 	/System/Library/Frameworks/ImageIO.framework/Versions/A/Resources/libGIF.dylib
0x00000001a8c66000 	/System/Library/Frameworks/ImageIO.framework/Versions/A/Resources/libJP2.dylib
0x00000001a83bd000 	/usr/lib/libexpat.1.dylib
0x00000001a8c22000 	/System/Library/PrivateFrameworks/AppleJPEG.framework/Versions/A/AppleJPEG
0x00000001a5bde000 	/System/Library/PrivateFrameworks/FontServices.framework/libFontParser.dylib
0x00000001a3a85000 	/System/Library/PrivateFrameworks/RunningBoardServices.framework/Versions/A/RunningBoardServices
0x00000001b2172000 	/System/Library/PrivateFrameworks/IOSurfaceAccelerator.framework/Versions/A/IOSurfaceAccelerator
0x00000001a8d48000 	/System/Library/PrivateFrameworks/WatchdogClient.framework/Versions/A/WatchdogClient
0x000000019f00e000 	/System/Library/Frameworks/CoreDisplay.framework/Versions/A/CoreDisplay
0x00000001a5ae6000 	/System/Library/Frameworks/CoreMedia.framework/Versions/A/CoreMedia
0x00000001a4775000 	/System/Library/Frameworks/CoreVideo.framework/Versions/A/CoreVideo
0x00000001a8d85000 	/System/Library/Frameworks/VideoToolbox.framework/Versions/A/VideoToolbox
0x00000001a3a02000 	/System/Library/PrivateFrameworks/BaseBoard.framework/Versions/A/BaseBoard
0x00000001a84fa000 	/System/Library/PrivateFrameworks/PersistentConnection.framework/Versions/A/PersistentConnection
0x00000001a37c1000 	/System/Library/PrivateFrameworks/ProtocolBuffer.framework/Versions/A/ProtocolBuffer
0x00000001a39eb000 	/System/Library/PrivateFrameworks/CommonUtilities.framework/Versions/A/CommonUtilities
0x00000001a8be7000 	/System/Library/PrivateFrameworks/Bom.framework/Versions/A/Bom
0x00000001a8f8c000 	/System/Library/PrivateFrameworks/GPUWrangler.framework/Versions/A/GPUWrangler
0x00000001a8f6d000 	/System/Library/PrivateFrameworks/IOPresentment.framework/Versions/A/IOPresentment
0x00000001a8f94000 	/System/Library/PrivateFrameworks/DSExternalDisplay.framework/Versions/A/DSExternalDisplay
0x00000001a8ff0000 	/System/Library/PrivateFrameworks/CMCaptureCore.framework/Versions/A/CMCaptureCore
0x00000001a8982000 	/System/Library/PrivateFrameworks/AppServerSupport.framework/Versions/A/AppServerSupport
0x00000001aa9ba000 	/System/Library/PrivateFrameworks/perfdata.framework/Versions/A/perfdata
0x00000001a6f48000 	/System/Library/PrivateFrameworks/AssertionServices.framework/Versions/A/AssertionServices
0x000000019f131000 	/System/Library/PrivateFrameworks/AudioToolboxCore.framework/Versions/A/AudioToolboxCore
0x00000001a5ac6000 	/System/Library/PrivateFrameworks/caulk.framework/Versions/A/caulk
0x00000001b9788000 	/System/Library/PrivateFrameworks/SystemPolicy.framework/Versions/A/SystemPolicy
0x00000001a81e2000 	/usr/lib/libIOReport.dylib
0x00000001aa256000 	/usr/lib/libSMC.dylib
0x00000001a8eb6000 	/usr/lib/libAudioToolboxUtility.dylib
0x00000001ba10d000 	/usr/lib/libmis.dylib
0x00000001dfd99000 	/System/Library/Frameworks/OpenGL.framework/Versions/A/Libraries/libGLU.dylib
0x00000001dfd57000 	/System/Library/Frameworks/OpenGL.framework/Versions/A/Libraries/libGFXShared.dylib
0x00000001dff3f000 	/System/Library/Frameworks/OpenGL.framework/Versions/A/Libraries/libGL.dylib
0x00000001dfd60000 	/System/Library/Frameworks/OpenGL.framework/Versions/A/Libraries/libGLImage.dylib
0x00000001dfd54000 	/System/Library/Frameworks/OpenGL.framework/Versions/A/Libraries/libCVMSPluginSupport.dylib
0x00000001dfd3e000 	/System/Library/Frameworks/OpenGL.framework/Versions/A/Libraries/libCoreVMClient.dylib
0x00000001b0cb6000 	/System/Library/PrivateFrameworks/ASEProcessing.framework/Versions/A/ASEProcessing
0x00000001a8521000 	/System/Library/PrivateFrameworks/GraphVisualizer.framework/Versions/A/GraphVisualizer
0x00000001a852f000 	/System/Library/PrivateFrameworks/FaceCore.framework/Versions/A/FaceCore
0x00000001a8942000 	/System/Library/PrivateFrameworks/OTSVG.framework/Versions/A/OTSVG
0x00000001a439e000 	/System/Library/Frameworks/ApplicationServices.framework/Versions/A/Frameworks/ATS.framework/Versions/A/Resources/libFontRegistry.dylib
0x00000001a898a000 	/System/Library/PrivateFrameworks/FontServices.framework/libhvf.dylib
0x00000001e00da000 	/System/Library/Frameworks/OpenCL.framework/Versions/A/OpenCL
0x00000001a8371000 	/System/Library/PrivateFrameworks/AppleVA.framework/Versions/A/AppleVA
0x00000001aa0a2000 	/System/Library/Frameworks/ApplicationServices.framework/Versions/A/Frameworks/ATS.framework/Versions/A/ATS
0x00000001aa3b5000 	/System/Library/Frameworks/ApplicationServices.framework/Versions/A/Frameworks/ColorSyncLegacy.framework/Versions/A/ColorSyncLegacy
0x00000001a3063000 	/System/Library/Frameworks/ApplicationServices.framework/Versions/A/Frameworks/HIServices.framework/Versions/A/HIServices
0x00000001aa394000 	/System/Library/Frameworks/ApplicationServices.framework/Versions/A/Frameworks/LangAnalysis.framework/Versions/A/LangAnalysis
0x00000001a8ffa000 	/System/Library/Frameworks/ApplicationServices.framework/Versions/A/Frameworks/PrintCore.framework/Versions/A/PrintCore
0x00000001aa3bd000 	/System/Library/Frameworks/ApplicationServices.framework/Versions/A/Frameworks/QD.framework/Versions/A/QD
0x00000001aa08e000 	/System/Library/Frameworks/ApplicationServices.framework/Versions/A/Frameworks/SpeechSynthesis.framework/Versions/A/SpeechSynthesis
0x00000001a8fbb000 	/System/Library/Frameworks/ApplicationServices.framework/Versions/A/Frameworks/ATSUI.framework/Versions/A/ATSUI
0x00000001aa336000 	/usr/lib/libcups.2.dylib
0x00000001aa3a8000 	/System/Library/PrivateFrameworks/NetAuth.framework/Versions/A/NetAuth
0x00000001aa9d4000 	/System/Library/Frameworks/Kerberos.framework/Versions/A/Kerberos
0x00000001aa9e5000 	/System/Library/Frameworks/GSS.framework/Versions/A/GSS
0x00000001aa111000 	/usr/lib/libresolv.9.dylib
0x00000001a89a0000 	/System/Library/PrivateFrameworks/Heimdal.framework/Versions/A/Heimdal
0x00000001b02a1000 	/System/Library/Frameworks/Kerberos.framework/Versions/A/Libraries/libHeimdalProxy.dylib
0x00000001a3b57000 	/System/Library/Frameworks/Network.framework/Versions/A/Network
0x00000001a83d7000 	/usr/lib/libheimdal-asn1.dylib
0x00000001aaa2d000 	/System/Library/PrivateFrameworks/CommonAuth.framework/Versions/A/CommonAuth
0x00000001a47c9000 	/System/Library/PrivateFrameworks/login.framework/Versions/A/Frameworks/loginsupport.framework/Versions/A/loginsupport
0x00000001aa013000 	/System/Library/PrivateFrameworks/AudioSession.framework/Versions/A/AudioSession
0x00000001aa07b000 	/usr/lib/libAudioStatistics.dylib
0x00000001a8457000 	/System/Library/PrivateFrameworks/MediaExperience.framework/Versions/A/MediaExperience
0x00000001a9eb4000 	/System/Library/PrivateFrameworks/AudioSession.framework/libSessionUtility.dylib
0x00000001aa9c6000 	/usr/lib/libperfcheck.dylib
0x00000001aa3c9000 	/System/Library/PrivateFrameworks/AudioResourceArbitration.framework/Versions/A/AudioResourceArbitration
0x00000001a83e0000 	/System/Library/PrivateFrameworks/IconFoundation.framework/Versions/A/IconFoundation
0x00000001ace68000 	/System/Library/PrivateFrameworks/SpeechRecognitionCore.framework/Versions/A/SpeechRecognitionCore
0x0000000104800000 	/Library/Java/JavaVirtualMachines/zulu-16.jdk/Contents/Home/lib/server/libjvm.dylib
0x000000010020c000 	/Library/Java/JavaVirtualMachines/zulu-16.jdk/Contents/Home/lib/libjimage.dylib
0x0000000100270000 	/Library/Java/JavaVirtualMachines/zulu-16.jdk/Contents/Home/lib/libjava.dylib
0x0000000100328000 	/Library/Java/JavaVirtualMachines/zulu-16.jdk/Contents/Home/lib/libnio.dylib
0x0000000100744000 	/Library/Java/JavaVirtualMachines/zulu-16.jdk/Contents/Home/lib/libnet.dylib
0x0000000100348000 	/Library/Java/JavaVirtualMachines/zulu-16.jdk/Contents/Home/lib/libzip.dylib
0x0000000100768000 	/Library/Java/JavaVirtualMachines/zulu-16.jdk/Contents/Home/lib/libextnet.dylib
0x000000010077c000 	/Library/Java/JavaVirtualMachines/zulu-16.jdk/Contents/Home/lib/libverify.dylib


VM Arguments:
jvm_args: -Xmx64m -Xms64m -Dorg.gradle.appname=gradlew 
java_command: org.gradle.wrapper.GradleWrapperMain app:installDebug -PreactNativeDevServerPort=8081
java_class_path (initial): /Users/cosme/Reciply/android/gradle/wrapper/gradle-wrapper.jar
Launcher Type: SUN_STANDARD

[Global flags]
     intx CICompilerCount                          = 4                                         {product} {ergonomic}
     uint ConcGCThreads                            = 2                                         {product} {ergonomic}
     uint G1ConcRefinementThreads                  = 8                                         {product} {ergonomic}
   size_t G1HeapRegionSize                         = 1048576                                   {product} {ergonomic}
    uintx GCDrainStackTargetSize                   = 64                                        {product} {ergonomic}
   size_t InitialHeapSize                          = 67108864                                  {product} {command line}
   size_t MarkStackSize                            = 4194304                                   {product} {ergonomic}
   size_t MaxHeapSize                              = 67108864                                  {product} {command line}
   size_t MaxNewSize                               = 39845888                                  {product} {ergonomic}
   size_t MinHeapDeltaBytes                        = 1048576                                   {product} {ergonomic}
   size_t MinHeapSize                              = 67108864                                  {product} {command line}
    uintx NonNMethodCodeHeapSize                   = 5839564                                {pd product} {ergonomic}
    uintx NonProfiledCodeHeapSize                  = 122909338                              {pd product} {ergonomic}
    uintx ProfiledCodeHeapSize                     = 122909338                              {pd product} {ergonomic}
    uintx ReservedCodeCacheSize                    = 251658240                              {pd product} {ergonomic}
     bool SegmentedCodeCache                       = true                                      {product} {ergonomic}
   size_t SoftMaxHeapSize                          = 67108864                               {manageable} {ergonomic}
     bool UseCompressedClassPointers               = true                           {product lp64_product} {ergonomic}
     bool UseCompressedOops                        = true                           {product lp64_product} {ergonomic}
     bool UseG1GC                                  = true                                      {product} {ergonomic}
     bool UseNUMA                                  = false                                     {product} {ergonomic}
     bool UseNUMAInterleaving                      = false                                     {product} {ergonomic}

Logging:
Log output configuration:
 #0: stdout all=warning uptime,level,tags
 #1: stderr all=off uptime,level,tags

Environment Variables:
PATH=/Users/cosme/Reciply/android/node_modules/.bin:/Users/cosme/Reciply/node_modules/.bin:/Users/cosme/node_modules/.bin:/Users/node_modules/.bin:/node_modules/.bin:/usr/local/Cellar/node/16.4.1/bin:/Users/cosme/Reciply/node_modules/.bin:/Users/cosme/node_modules/.bin:/Users/node_modules/.bin:/node_modules/.bin:/usr/local/lib/node_modules/npm/node_modules/@npmcli/run-script/lib/node-gyp-bin:/Users/cosme/Reciply/node_modules/.bin:/Library/Frameworks/Python.framework/Versions/3.9/bin:/usr/local/bin:/usr/bin:/bin:/usr/sbin:/sbin:/Library/Apple/usr/bin:/Users/cosme/Library/Android/sdk/emulator:/Users/cosme/Library/Android/sdk/tools:/Users/cosme/Library/Android/sdk/tools/bin:/Users/cosme/Library/Android/sdk/platform-tools
SHELL=/bin/zsh
LC_CTYPE=UTF-8

Signal Handlers:
SIGSEGV: [libjvm.dylib+0x9ace24], sa_mask[0]=11100110000111110111111111111111, sa_flags=SA_ONSTACK|SA_RESTART|SA_SIGINFO
SIGBUS: [libjvm.dylib+0x9ace24], sa_mask[0]=11100110000111110111111111111111, sa_flags=SA_RESTART|SA_SIGINFO
SIGFPE: [libjvm.dylib+0x9ace24], sa_mask[0]=11100110000111110111111111111111, sa_flags=SA_RESTART|SA_SIGINFO
SIGPIPE: [libjvm.dylib+0x896640], sa_mask[0]=11100110000111110111111111111111, sa_flags=SA_RESTART|SA_SIGINFO
SIGXFSZ: [libjvm.dylib+0x896640], sa_mask[0]=11100110000111110111111111111111, sa_flags=SA_RESTART|SA_SIGINFO
SIGILL: [libjvm.dylib+0x9ace24], sa_mask[0]=11100110000111110111111111111111, sa_flags=SA_RESTART|SA_SIGINFO
SIGUSR2: [libjvm.dylib+0x897078], sa_mask[0]=00000000000000000000000000000000, sa_flags=SA_RESTART|SA_SIGINFO
SIGHUP: [libjvm.dylib+0x8956f0], sa_mask[0]=11100110000111110111111111111111, sa_flags=SA_RESTART|SA_SIGINFO
SIGINT: [libjvm.dylib+0x8956f0], sa_mask[0]=11100110000111110111111111111111, sa_flags=SA_RESTART|SA_SIGINFO
SIGTERM: [libjvm.dylib+0x8956f0], sa_mask[0]=11100110000111110111111111111111, sa_flags=SA_RESTART|SA_SIGINFO
SIGQUIT: [libjvm.dylib+0x8956f0], sa_mask[0]=11100110000111110111111111111111, sa_flags=SA_RESTART|SA_SIGINFO
SIGTRAP: [libjvm.dylib+0x9ace24], sa_mask[0]=11100110000111110111111111111111, sa_flags=SA_RESTART|SA_SIGINFO


---------------  S Y S T E M  ---------------

OS:uname: Darwin 20.5.0 Darwin Kernel Version 20.5.0: Sat May  8 05:10:31 PDT 2021; root:xnu-7195.121.3~9/RELEASE_ARM64_T8101 arm64
OS uptime: 40 days 1:12 hours
rlimit (soft/hard): STACK 8176k/65520k , CORE 0k/infinity , NPROC 2666/4000 , NOFILE 10240/infinity , AS infinity/infinity , CPU infinity/infinity , DATA infinity/infinity , FSIZE infinity/infinity , MEMLOCK infinity/infinity , RSS infinity/infinity
load average: 5.40 8.71 5.64

CPU: total 8 (initial active 8) 0x61:0x0:0x1b588bb3:0, simd, crc, lse

Memory: 16k page, physical 16777216k(670960k free), swap 1048576k(964608k free)

vm_info: OpenJDK 64-Bit Server VM (16+36) for bsd-aarch64 JRE (16+36) (Zulu16.28+11-CA), built on Mar  9 2021 03:14:09 by "zulu_re" with clang Apple LLVM 12.0.0 (clang-1200.0.32.28)

END.
